#
# There is insufficient memory for the Java Runtime Environment to continue.
# Native memory allocation (malloc) failed to allocate 1768176 bytes for Chunk::new
# Possible reasons:
#   The system is out of physical RAM or swap space
#   The process is running with CompressedOops enabled, and the Java Heap may be blocking the growth of the native heap
# Possible solutions:
#   Reduce memory load on the system
#   Increase physical memory or swap space
#   Check if swap backing store is full
#   Decrease Java heap size (-Xmx/-Xms)
#   Decrease number of Java threads
#   Decrease Java thread stack sizes (-Xss)
#   Set larger code cache with -XX:ReservedCodeCacheSize=
#   JVM is running with Unscaled Compressed Oops mode in which the Java heap is
#     placed in the first 4GB address space. The Java Heap base address is the
#     maximum limit for the native heap growth. Please use -XX:HeapBaseMinAddress
#     to set the Java Heap base and to place the Java Heap above 4GB virtual address.
# This output file may be truncated or incomplete.
#
#  Out of Memory Error (allocation.cpp:389), pid=7540, tid=0x0000000000001ab0
#
# JRE version: OpenJDK Runtime Environment (8.0_202-b03) (build 1.8.0_202-release-1483-b03)
# Java VM: OpenJDK 64-Bit Server VM (25.202-b03 mixed mode windows-amd64 compressed oops)
# Failed to write core dump. Minidumps are not enabled by default on client versions of Windows
#

---------------  T H R E A D  ---------------

Current thread (0x0000000015dd1800):  JavaThread "C2 CompilerThread0" daemon [_thread_in_native, id=6832, stack(0x0000000016df0000,0x0000000016ef0000)]

Stack: [0x0000000016df0000,0x0000000016ef0000]
[error occurred during error reporting (printing stack bounds), id 0xc0000005]

Native frames: (J=compiled Java code, j=interpreted, Vv=VM code, C=native code)


Current CompileTask:
C2:8146106 11778   !   4       java.io.ObjectOutputStream::writeObject0 (619 bytes)


---------------  P R O C E S S  ---------------

Java Threads: ( => current thread )
  0x000000001b1a5800 JavaThread "ForkJoinPool.commonPool-worker-1" daemon [_thread_blocked, id=6700, stack(0x0000000025670000,0x0000000025770000)]
  0x000000001b1a8800 JavaThread "WorkerExecutor Queue Thread 2" [_thread_blocked, id=3252, stack(0x0000000024370000,0x0000000024470000)]
  0x000000001b1ab800 JavaThread "WorkerExecutor Queue" [_thread_blocked, id=13644, stack(0x0000000024270000,0x0000000024370000)]
  0x000000001b19e000 JavaThread "Cache worker for execution history cache (D:\AndroidStudioProjects\.gradle\5.4.1\executionHistory)" [_thread_blocked, id=984, stack(0x0000000024170000,0x0000000024270000)]
  0x000000001b1a2000 JavaThread "Cache worker for file content cache (C:\Users\Stefan\.gradle\caches\5.4.1\fileContent)" [_thread_blocked, id=9984, stack(0x0000000023e70000,0x0000000023f70000)]
  0x000000001b1a0800 JavaThread "Cache worker for Build Output Cleanup Cache (D:\AndroidStudioProjects\.gradle\buildOutputCleanup)" [_thread_blocked, id=7180, stack(0x0000000023d70000,0x0000000023e70000)]
  0x000000001b19f800 JavaThread "pool-4-thread-1" [_thread_blocked, id=15324, stack(0x0000000023c70000,0x0000000023d70000)]
  0x000000001b1a5000 JavaThread "Build operations Thread 2" [_thread_blocked, id=15988, stack(0x0000000023b70000,0x0000000023c70000)]
  0x000000001b1a4000 JavaThread "Build operations" [_thread_blocked, id=5764, stack(0x0000000023a70000,0x0000000023b70000)]
  0x000000001b19f000 JavaThread "Cache worker for cache directory md-rule (C:\Users\Stefan\.gradle\caches\5.4.1\md-rule)" [_thread_blocked, id=1360, stack(0x0000000023970000,0x0000000023a70000)]
  0x0000000015dd6000 JavaThread "Cache worker for cache directory md-supplier (C:\Users\Stefan\.gradle\caches\5.4.1\md-supplier)" [_thread_blocked, id=5836, stack(0x0000000023870000,0x0000000023970000)]
  0x0000000018110000 JavaThread "Cache worker for file hash cache (D:\AndroidStudioProjects\.gradle\5.4.1\fileHashes)" [_thread_blocked, id=1388, stack(0x0000000023770000,0x0000000023870000)]
  0x0000000018113000 JavaThread "Thread-42" [_thread_blocked, id=3348, stack(0x0000000023670000,0x0000000023770000)]
  0x000000001810f800 JavaThread "Asynchronous log dispatcher for DefaultDaemonConnection: socket connection from /127.0.0.1:62652 to /127.0.0.1:50945" [_thread_blocked, id=5012, stack(0x0000000023470000,0x0000000023570000)]
  0x0000000018109800 JavaThread "Daemon worker Thread 3" [_thread_in_native, id=7160, stack(0x0000000023370000,0x0000000023470000)]
  0x0000000018105800 JavaThread "Cancel handler" [_thread_blocked, id=12716, stack(0x0000000023270000,0x0000000023370000)]
  0x000000001810c800 JavaThread "Handler for socket connection from /127.0.0.1:62652 to /127.0.0.1:50945" [_thread_in_native, id=11708, stack(0x0000000023170000,0x0000000023270000)]
  0x000000001810b000 JavaThread "Daemon Thread 3" [_thread_blocked, id=15884, stack(0x0000000023070000,0x0000000023170000)]
  0x000000001810e000 JavaThread "Memory manager" [_thread_blocked, id=3056, stack(0x0000000020130000,0x0000000020230000)]
  0x000000001810a000 JavaThread "Cache worker for execution history cache (C:\Users\Stefan\.gradle\caches\5.4.1\executionHistory)" [_thread_blocked, id=3756, stack(0x000000001e710000,0x000000001e810000)]
  0x0000000015ddc000 JavaThread "Cache worker for journal cache (C:\Users\Stefan\.gradle\caches\journal-1)" [_thread_blocked, id=11644, stack(0x000000001a440000,0x000000001a540000)]
  0x0000000015dda800 JavaThread "File lock request listener" [_thread_in_native, id=6688, stack(0x000000001a340000,0x000000001a440000)]
  0x000000001861a800 JavaThread "Cache worker for file hash cache (C:\Users\Stefan\.gradle\caches\5.4.1\fileHashes)" [_thread_blocked, id=15016, stack(0x000000001a040000,0x000000001a140000)]
  0x00000000182a8800 JavaThread "Daemon periodic checks" [_thread_blocked, id=15256, stack(0x0000000019640000,0x0000000019740000)]
  0x0000000017298800 JavaThread "Incoming local TCP Connector on port 62652" [_thread_in_native, id=15972, stack(0x0000000019400000,0x0000000019500000)]
  0x0000000018778800 JavaThread "Daemon health stats" [_thread_blocked, id=6348, stack(0x0000000018dc0000,0x0000000018ec0000)]
  0x0000000015e46000 JavaThread "Service Thread" daemon [_thread_blocked, id=10164, stack(0x0000000016ff0000,0x00000000170f0000)]
  0x0000000015ddb000 JavaThread "C1 CompilerThread1" daemon [_thread_blocked, id=4116, stack(0x0000000016ef0000,0x0000000016ff0000)]
=>0x0000000015dd1800 JavaThread "C2 CompilerThread0" daemon [_thread_in_native, id=6832, stack(0x0000000016df0000,0x0000000016ef0000)]
  0x0000000015dcf000 JavaThread "Attach Listener" daemon [_thread_blocked, id=14408, stack(0x0000000016cf0000,0x0000000016df0000)]
  0x0000000015dcc000 JavaThread "Signal Dispatcher" daemon [_thread_blocked, id=6784, stack(0x0000000016bf0000,0x0000000016cf0000)]
  0x0000000002696800 JavaThread "Finalizer" daemon [_thread_blocked, id=8076, stack(0x0000000016a00000,0x0000000016b00000)]
  0x0000000015db7000 JavaThread "Reference Handler" daemon [_thread_blocked, id=11308, stack(0x0000000016900000,0x0000000016a00000)]
  0x00000000024fe000 JavaThread "main" [_thread_blocked, id=7188, stack(0x00000000023f0000,0x00000000024f0000)]

Other Threads:
  0x0000000002687000 VMThread [stack: 0x0000000016800000,0x0000000016900000] [id=1316]
  0x0000000015e48000 WatcherThread [stack: 0x00000000170f0000,0x00000000171f0000] [id=1244]

VM state:not at safepoint (normal execution)

VM Mutex/Monitor currently owned by a thread: None

heap address: 0x00000000a0000000, size: 1536 MB, Compressed Oops mode: 32-bit
Narrow klass base: 0x0000000000000000, Narrow klass shift: 3
Compressed class space size: 1073741824 Address: 0x0000000100000000

Heap:
 PSYoungGen      total 237568K, used 73192K [0x00000000e0000000, 0x00000000f0a80000, 0x0000000100000000)
  eden space 216576K, 24% used [0x00000000e0000000,0x00000000e32fbb18,0x00000000ed380000)
  from space 20992K, 99% used [0x00000000ed380000,0x00000000ee7fe5c8,0x00000000ee800000)
  to   space 27136K, 0% used [0x00000000ef000000,0x00000000ef000000,0x00000000f0a80000)
 ParOldGen       total 89088K, used 44647K [0x00000000a0000000, 0x00000000a5700000, 0x00000000e0000000)
  object space 89088K, 50% used [0x00000000a0000000,0x00000000a2b99da8,0x00000000a5700000)
 Metaspace       used 72411K, capacity 75508K, committed 75648K, reserved 1114112K
  class space    used 9439K, capacity 10063K, committed 10112K, reserved 1048576K

Card table byte_map: [0x0000000011a60000,0x0000000011d70000] byte_map_base: 0x0000000011560000

Marking Bits: (ParMarkBitMap*) 0x0000000064289f30
 Begin Bits: [0x0000000012170000, 0x0000000013970000)
 End Bits:   [0x0000000013970000, 0x0000000015170000)

Polling page: 0x00000000003a0000

CodeCache: size=245760Kb used=32606Kb max_used=33770Kb free=213153Kb
 bounds [0x00000000026a0000, 0x00000000047e0000, 0x00000000116a0000]
 total_blobs=10659 nmethods=9847 adapters=725
 compilation: enabled

Compilation events (10 events):
Event: 8139.709 Thread 0x0000000015ddb000 11776       3       java.lang.Short::hashCode (8 bytes)
Event: 8139.709 Thread 0x0000000015ddb000 nmethod 11776 0x0000000003b977d0 code [0x0000000003b97920, 0x0000000003b97ad0]
Event: 8139.709 Thread 0x0000000015ddb000 11777       3       java.lang.Short::hashCode (2 bytes)
Event: 8139.709 Thread 0x0000000015ddb000 nmethod 11777 0x00000000045c5ad0 code [0x00000000045c5c20, 0x00000000045c5d50]
Event: 8139.709 Thread 0x0000000015ddb000 11779       3       java.io.ObjectOutputStream$BlockDataOutputStream::flush (12 bytes)
Event: 8139.709 Thread 0x0000000015ddb000 nmethod 11779 0x00000000039946d0 code [0x0000000003994840, 0x0000000003994a98]
Event: 8139.720 Thread 0x0000000015ddb000 11780       1       org.gradle.internal.io.StreamByteBuffer$StreamByteBufferChunk::bytesUnread (10 bytes)
Event: 8139.720 Thread 0x0000000015ddb000 nmethod 11780 0x0000000003db4c10 code [0x0000000003db4d60, 0x0000000003db4e70]
Event: 8139.721 Thread 0x0000000015ddb000 11782   !   3       java.io.ObjectOutputStream::writeArray (611 bytes)
Event: 8139.725 Thread 0x0000000015ddb000 nmethod 11782 0x0000000004112710 code [0x0000000004112b00, 0x0000000004114588]

GC Heap History (10 events):
Event: 42.980 GC heap before
{Heap before GC invocations=14 (full 2):
 PSYoungGen      total 159232K, used 153128K [0x00000000e0000000, 0x00000000ed680000, 0x0000000100000000)
  eden space 146944K, 95% used [0x00000000e0000000,0x00000000e898fb10,0x00000000e8f80000)
  from space 12288K, 99% used [0x00000000e8f80000,0x00000000e9b7a680,0x00000000e9b80000)
  to   space 16384K, 0% used [0x00000000ec680000,0x00000000ec680000,0x00000000ed680000)
 ParOldGen       total 52224K, used 22091K [0x00000000a0000000, 0x00000000a3300000, 0x00000000e0000000)
  object space 52224K, 42% used [0x00000000a0000000,0x00000000a1592ec8,0x00000000a3300000)
 Metaspace       used 56990K, capacity 58966K, committed 59096K, reserved 1099776K
  class space    used 7767K, capacity 8194K, committed 8320K, reserved 1048576K
Event: 43.056 GC heap after
Heap after GC invocations=14 (full 2):
 PSYoungGen      total 201728K, used 12892K [0x00000000e0000000, 0x00000000ed700000, 0x0000000100000000)
  eden space 185344K, 0% used [0x00000000e0000000,0x00000000e0000000,0x00000000eb500000)
  from space 16384K, 78% used [0x00000000ec680000,0x00000000ed317120,0x00000000ed680000)
  to   space 17408K, 0% used [0x00000000eb500000,0x00000000eb500000,0x00000000ec600000)
 ParOldGen       total 52224K, used 31605K [0x00000000a0000000, 0x00000000a3300000, 0x00000000e0000000)
  object space 52224K, 60% used [0x00000000a0000000,0x00000000a1edd790,0x00000000a3300000)
 Metaspace       used 56990K, capacity 58966K, committed 59096K, reserved 1099776K
  class space    used 7767K, capacity 8194K, committed 8320K, reserved 1048576K
}
Event: 43.056 GC heap before
{Heap before GC invocations=15 (full 3):
 PSYoungGen      total 201728K, used 12892K [0x00000000e0000000, 0x00000000ed700000, 0x0000000100000000)
  eden space 185344K, 0% used [0x00000000e0000000,0x00000000e0000000,0x00000000eb500000)
  from space 16384K, 78% used [0x00000000ec680000,0x00000000ed317120,0x00000000ed680000)
  to   space 17408K, 0% used [0x00000000eb500000,0x00000000eb500000,0x00000000ec600000)
 ParOldGen       total 52224K, used 31605K [0x00000000a0000000, 0x00000000a3300000, 0x00000000e0000000)
  object space 52224K, 60% used [0x00000000a0000000,0x00000000a1edd790,0x00000000a3300000)
 Metaspace       used 56990K, capacity 58966K, committed 59096K, reserved 1099776K
  class space    used 7767K, capacity 8194K, committed 8320K, reserved 1048576K
Event: 43.565 GC heap after
Heap after GC invocations=15 (full 3):
 PSYoungGen      total 201728K, used 0K [0x00000000e0000000, 0x00000000ed700000, 0x0000000100000000)
  eden space 185344K, 0% used [0x00000000e0000000,0x00000000e0000000,0x00000000eb500000)
  from space 16384K, 0% used [0x00000000ec680000,0x00000000ec680000,0x00000000ed680000)
  to   space 17408K, 0% used [0x00000000eb500000,0x00000000eb500000,0x00000000ec600000)
 ParOldGen       total 89088K, used 36534K [0x00000000a0000000, 0x00000000a5700000, 0x00000000e0000000)
  object space 89088K, 41% used [0x00000000a0000000,0x00000000a23adbf0,0x00000000a5700000)
 Metaspace       used 56990K, capacity 58966K, committed 59096K, reserved 1099776K
  class space    used 7767K, capacity 8194K, committed 8320K, reserved 1048576K
}
Event: 56.848 GC heap before
{Heap before GC invocations=16 (full 3):
 PSYoungGen      total 201728K, used 185344K [0x00000000e0000000, 0x00000000ed700000, 0x0000000100000000)
  eden space 185344K, 100% used [0x00000000e0000000,0x00000000eb500000,0x00000000eb500000)
  from space 16384K, 0% used [0x00000000ec680000,0x00000000ec680000,0x00000000ed680000)
  to   space 17408K, 0% used [0x00000000eb500000,0x00000000eb500000,0x00000000ec600000)
 ParOldGen       total 89088K, used 36534K [0x00000000a0000000, 0x00000000a5700000, 0x00000000e0000000)
  object space 89088K, 41% used [0x00000000a0000000,0x00000000a23adbf0,0x00000000a5700000)
 Metaspace       used 64740K, capacity 67338K, committed 67584K, reserved 1107968K
  class space    used 8804K, capacity 9366K, committed 9472K, reserved 1048576K
Event: 56.900 GC heap after
Heap after GC invocations=16 (full 3):
 PSYoungGen      total 202752K, used 14908K [0x00000000e0000000, 0x00000000eff00000, 0x0000000100000000)
  eden space 185344K, 0% used [0x00000000e0000000,0x00000000e0000000,0x00000000eb500000)
  from space 17408K, 85% used [0x00000000eb500000,0x00000000ec38f248,0x00000000ec600000)
  to   space 18944K, 0% used [0x00000000eec80000,0x00000000eec80000,0x00000000eff00000)
 ParOldGen       total 89088K, used 36534K [0x00000000a0000000, 0x00000000a5700000, 0x00000000e0000000)
  object space 89088K, 41% used [0x00000000a0000000,0x00000000a23adbf0,0x00000000a5700000)
 Metaspace       used 64740K, capacity 67338K, committed 67584K, reserved 1107968K
  class space    used 8804K, capacity 9366K, committed 9472K, reserved 1048576K
}
Event: 8048.043 GC heap before
{Heap before GC invocations=17 (full 3):
 PSYoungGen      total 202752K, used 200252K [0x00000000e0000000, 0x00000000eff00000, 0x0000000100000000)
  eden space 185344K, 100% used [0x00000000e0000000,0x00000000eb500000,0x00000000eb500000)
  from space 17408K, 85% used [0x00000000eb500000,0x00000000ec38f248,0x00000000ec600000)
  to   space 18944K, 0% used [0x00000000eec80000,0x00000000eec80000,0x00000000eff00000)
 ParOldGen       total 89088K, used 36534K [0x00000000a0000000, 0x00000000a5700000, 0x00000000e0000000)
  object space 89088K, 41% used [0x00000000a0000000,0x00000000a23adbf0,0x00000000a5700000)
 Metaspace       used 70162K, capacity 72980K, committed 73088K, reserved 1112064K
  class space    used 9214K, capacity 9783K, committed 9856K, reserved 1048576K
Event: 8050.029 GC heap after
Heap after GC invocations=17 (full 3):
 PSYoungGen      total 194560K, used 16363K [0x00000000e0000000, 0x00000000efc80000, 0x0000000100000000)
  eden space 178176K, 0% used [0x00000000e0000000,0x00000000e0000000,0x00000000eae00000)
  from space 16384K, 99% used [0x00000000eec80000,0x00000000efc7ac00,0x00000000efc80000)
  to   space 20992K, 0% used [0x00000000ed380000,0x00000000ed380000,0x00000000ee800000)
 ParOldGen       total 89088K, used 36542K [0x00000000a0000000, 0x00000000a5700000, 0x00000000e0000000)
  object space 89088K, 41% used [0x00000000a0000000,0x00000000a23afbf0,0x00000000a5700000)
 Metaspace       used 70162K, capacity 72980K, committed 73088K, reserved 1112064K
  class space    used 9214K, capacity 9783K, committed 9856K, reserved 1048576K
}
Event: 8129.468 GC heap before
{Heap before GC invocations=18 (full 3):
 PSYoungGen      total 194560K, used 194539K [0x00000000e0000000, 0x00000000efc80000, 0x0000000100000000)
  eden space 178176K, 100% used [0x00000000e0000000,0x00000000eae00000,0x00000000eae00000)
  from space 16384K, 99% used [0x00000000eec80000,0x00000000efc7ac00,0x00000000efc80000)
  to   space 20992K, 0% used [0x00000000ed380000,0x00000000ed380000,0x00000000ee800000)
 ParOldGen       total 89088K, used 36542K [0x00000000a0000000, 0x00000000a5700000, 0x00000000e0000000)
  object space 89088K, 41% used [0x00000000a0000000,0x00000000a23afbf0,0x00000000a5700000)
 Metaspace       used 72031K, capacity 74988K, committed 75136K, reserved 1114112K
  class space    used 9389K, capacity 10003K, committed 10112K, reserved 1048576K
Event: 8131.224 GC heap after
Heap after GC invocations=18 (full 3):
 PSYoungGen      total 237568K, used 20985K [0x00000000e0000000, 0x00000000f0a80000, 0x0000000100000000)
  eden space 216576K, 0% used [0x00000000e0000000,0x00000000e0000000,0x00000000ed380000)
  from space 20992K, 99% used [0x00000000ed380000,0x00000000ee7fe5c8,0x00000000ee800000)
  to   space 27136K, 0% used [0x00000000ef000000,0x00000000ef000000,0x00000000f0a80000)
 ParOldGen       total 89088K, used 44647K [0x00000000a0000000, 0x00000000a5700000, 0x00000000e0000000)
  object space 89088K, 50% used [0x00000000a0000000,0x00000000a2b99da8,0x00000000a5700000)
 Metaspace       used 72031K, capacity 74988K, committed 75136K, reserved 1114112K
  class space    used 9389K, capacity 10003K, committed 10112K, reserved 1048576K
}

Deoptimization events (10 events):
Event: 8138.194 Thread 0x0000000018109800 Uncommon trap: reason=unstable_if action=reinterpret pc=0x0000000002a8f2d8 method=org.gradle.internal.logging.text.AbstractLineChoppingStyledTextOutput$2.execute(Lorg/gradle/internal/logging/text/AbstractLineChoppingStyledTextOutput$StateContext;)V @ 30
Event: 8138.938 Thread 0x0000000018109800 Uncommon trap: reason=unstable_if action=reinterpret pc=0x0000000004473934 method=org.gradle.internal.serialize.ExceptionReplacingObjectOutputStream.doReplaceObject(Ljava/lang/Object;)Ljava/lang/Object; @ 4
Event: 8139.524 Thread 0x0000000018109800 Uncommon trap: reason=class_check action=maybe_recompile pc=0x0000000002836a68 method=java.lang.String.equals(Ljava/lang/Object;)Z @ 8
Event: 8139.524 Thread 0x0000000018109800 Uncommon trap: reason=class_check action=maybe_recompile pc=0x0000000002836a68 method=java.lang.String.equals(Ljava/lang/Object;)Z @ 8
Event: 8139.524 Thread 0x0000000018109800 Uncommon trap: reason=class_check action=maybe_recompile pc=0x0000000002836a68 method=java.lang.String.equals(Ljava/lang/Object;)Z @ 8
Event: 8139.524 Thread 0x0000000018109800 Uncommon trap: reason=class_check action=maybe_recompile pc=0x0000000002836a68 method=java.lang.String.equals(Ljava/lang/Object;)Z @ 8
Event: 8139.530 Thread 0x0000000018109800 Uncommon trap: reason=bimorphic action=maybe_recompile pc=0x000000000415d63c method=java.util.concurrent.CopyOnWriteArrayList.indexOf(Ljava/lang/Object;[Ljava/lang/Object;II)I @ 46
Event: 8139.530 Thread 0x0000000018109800 Uncommon trap: reason=bimorphic action=maybe_recompile pc=0x000000000415d63c method=java.util.concurrent.CopyOnWriteArrayList.indexOf(Ljava/lang/Object;[Ljava/lang/Object;II)I @ 46
Event: 8139.530 Thread 0x0000000018109800 Uncommon trap: reason=bimorphic action=maybe_recompile pc=0x000000000415d63c method=java.util.concurrent.CopyOnWriteArrayList.indexOf(Ljava/lang/Object;[Ljava/lang/Object;II)I @ 46
Event: 8139.530 Thread 0x0000000018109800 Uncommon trap: reason=bimorphic action=maybe_recompile pc=0x000000000415d63c method=java.util.concurrent.CopyOnWriteArrayList.indexOf(Ljava/lang/Object;[Ljava/lang/Object;II)I @ 46

Classes redefined (0 events):
No events

Internal exceptions (10 events):
Event: 8134.162 Thread 0x000000001b1a8800 Exception <a 'java/io/IOException'> (0x00000000e141a310) thrown at [D:\src\AOSP-openjdk-cygwin\jdk8u\hotspot\src\share\vm\prims\jni.cpp, line 710]
Event: 8134.294 Thread 0x000000001b1ab800 Exception <a 'java/io/IOException'> (0x00000000e15cdaa0) thrown at [D:\src\AOSP-openjdk-cygwin\jdk8u\hotspot\src\share\vm\prims\jni.cpp, line 710]
Event: 8134.394 Thread 0x000000001b1a8800 Exception <a 'java/io/IOException'> (0x00000000e1623c48) thrown at [D:\src\AOSP-openjdk-cygwin\jdk8u\hotspot\src\share\vm\prims\jni.cpp, line 710]
Event: 8134.510 Thread 0x000000001b1ab800 Exception <a 'java/io/IOException'> (0x00000000e171f008) thrown at [D:\src\AOSP-openjdk-cygwin\jdk8u\hotspot\src\share\vm\prims\jni.cpp, line 710]
Event: 8134.560 Thread 0x000000001b1a8800 Exception <a 'java/io/IOException'> (0x00000000e186fd18) thrown at [D:\src\AOSP-openjdk-cygwin\jdk8u\hotspot\src\share\vm\prims\jni.cpp, line 710]
Event: 8134.844 Thread 0x0000000018113000 Exception <a 'java/lang/NoSuchMethodError': <clinit>> (0x00000000e019db38) thrown at [D:\src\AOSP-openjdk-cygwin\jdk8u\hotspot\src\share\vm\prims\jni.cpp, line 1614]
Event: 8134.844 Thread 0x0000000018113000 Implicit null exception at 0x0000000002c8dc60 to 0x0000000002c8de9d
Event: 8134.854 Thread 0x0000000018113000 Exception <a 'java/lang/NoSuchMethodError': <clinit>> (0x00000000e01adc20) thrown at [D:\src\AOSP-openjdk-cygwin\jdk8u\hotspot\src\share\vm\prims\jni.cpp, line 1614]
Event: 8136.887 Thread 0x0000000018113000 Exception <a 'java/lang/NoSuchMethodError': <clinit>> (0x00000000e275f090) thrown at [D:\src\AOSP-openjdk-cygwin\jdk8u\hotspot\src\share\vm\prims\jni.cpp, line 1614]
Event: 8137.610 Thread 0x0000000018109800 Exception <a 'sun/nio/fs/WindowsException'> (0x00000000e2b3a728) thrown at [D:\src\AOSP-openjdk-cygwin\jdk8u\hotspot\src\share\vm\prims\jni.cpp, line 710]

Events (10 events):
Event: 8139.530 Thread 0x0000000018109800 DEOPT PACKING pc=0x000000000415d63c sp=0x000000002346c020
Event: 8139.530 Thread 0x0000000018109800 DEOPT UNPACKING pc=0x00000000026e557b sp=0x000000002346bfe8 mode 2
Event: 8139.532 loading class java/io/NotSerializableException
Event: 8139.559 loading class java/io/NotSerializableException done
Event: 8139.575 loading class java/util/Collections$EmptyListIterator
Event: 8139.577 loading class java/util/Collections$EmptyListIterator done
Event: 8139.649 Executing VM operation: Deoptimize
Event: 8139.657 Executing VM operation: Deoptimize done
Event: 8139.966 Executing VM operation: RevokeBias
Event: 8139.966 Executing VM operation: RevokeBias done


Dynamic libraries:
0x00007ff603a40000 - 0x00007ff603a71000 	D:\AndroidStudio\jre\bin\java.exe
0x00007ff9e0010000 - 0x00007ff9e01f1000 	C:\windows\SYSTEM32\ntdll.dll
0x00007ff9dfd70000 - 0x00007ff9dfe21000 	C:\windows\System32\KERNEL32.DLL
0x00007ff9dcfa0000 - 0x00007ff9dd213000 	C:\windows\System32\KERNELBASE.dll
0x00007ff9dd600000 - 0x00007ff9dd6a1000 	C:\windows\System32\ADVAPI32.dll
0x00007ff9dfe30000 - 0x00007ff9dfece000 	C:\windows\System32\msvcrt.dll
0x00007ff9ddbd0000 - 0x00007ff9ddc2b000 	C:\windows\System32\sechost.dll
0x00007ff9df5d0000 - 0x00007ff9df6f4000 	C:\windows\System32\RPCRT4.dll
0x00007ff9dfbc0000 - 0x00007ff9dfd50000 	C:\windows\System32\USER32.dll
0x00007ff9dcd80000 - 0x00007ff9dcda0000 	C:\windows\System32\win32u.dll
0x00007ff9ddd40000 - 0x00007ff9ddd68000 	C:\windows\System32\GDI32.dll
0x00007ff9dcbe0000 - 0x00007ff9dcd71000 	C:\windows\System32\gdi32full.dll
0x00007ff9dce00000 - 0x00007ff9dce9f000 	C:\windows\System32\msvcp_win.dll
0x00007ff9dc3d0000 - 0x00007ff9dc4c8000 	C:\windows\System32\ucrtbase.dll
0x00007ff9c67d0000 - 0x00007ff9c6a39000 	C:\windows\WinSxS\amd64_microsoft.windows.common-controls_6595b64144ccf1df_6.0.17134.1246_none_d3ffb9d77c90723d\COMCTL32.dll
0x00007ff9df860000 - 0x00007ff9dfb81000 	C:\windows\System32\combase.dll
0x00007ff9dd410000 - 0x00007ff9dd489000 	C:\windows\System32\bcryptPrimitives.dll
0x00007ff9dfb90000 - 0x00007ff9dfbbd000 	C:\windows\System32\IMM32.DLL
0x00000000647d0000 - 0x00000000648a2000 	D:\AndroidStudio\jre\jre\bin\msvcr100.dll
0x0000000063ac0000 - 0x0000000064306000 	D:\AndroidStudio\jre\jre\bin\server\jvm.dll
0x00007ff9df850000 - 0x00007ff9df858000 	C:\windows\System32\PSAPI.DLL
0x00007ff9bd740000 - 0x00007ff9bd749000 	C:\windows\SYSTEM32\WSOCK32.dll
0x00007ff9ddc30000 - 0x00007ff9ddc9c000 	C:\windows\System32\WS2_32.dll
0x00007ff9d9f40000 - 0x00007ff9d9f63000 	C:\windows\SYSTEM32\WINMM.dll
0x00007ff9d7870000 - 0x00007ff9d787a000 	C:\windows\SYSTEM32\VERSION.dll
0x00007ff9d9ec0000 - 0x00007ff9d9eea000 	C:\windows\SYSTEM32\WINMMBASE.dll
0x00007ff9dcf50000 - 0x00007ff9dcf99000 	C:\windows\System32\cfgmgr32.dll
0x00007ff9d7920000 - 0x00007ff9d792f000 	D:\AndroidStudio\jre\jre\bin\verify.dll
0x00007ff9d2740000 - 0x00007ff9d2769000 	D:\AndroidStudio\jre\jre\bin\java.dll
0x00007ff9d6ee0000 - 0x00007ff9d6ef6000 	D:\AndroidStudio\jre\jre\bin\zip.dll
0x00007ff9dde50000 - 0x00007ff9df295000 	C:\windows\System32\SHELL32.dll
0x00007ff9dff30000 - 0x00007ff9dffd9000 	C:\windows\System32\shcore.dll
0x00007ff9dc4d0000 - 0x00007ff9dcbe0000 	C:\windows\System32\windows.storage.dll
0x00007ff9dfed0000 - 0x00007ff9dff21000 	C:\windows\System32\shlwapi.dll
0x00007ff9dc3b0000 - 0x00007ff9dc3c1000 	C:\windows\System32\kernel.appcore.dll
0x00007ff9dc310000 - 0x00007ff9dc32f000 	C:\windows\System32\profapi.dll
0x00007ff9dc330000 - 0x00007ff9dc37c000 	C:\windows\System32\powrprof.dll
0x00007ff9dc3a0000 - 0x00007ff9dc3aa000 	C:\windows\System32\FLTLIB.DLL
0x00007ff9d87b0000 - 0x00007ff9d87ca000 	D:\AndroidStudio\jre\jre\bin\net.dll
0x00007ff9dbb30000 - 0x00007ff9dbb96000 	C:\windows\system32\mswsock.dll
0x00007ff9d8630000 - 0x00007ff9d8641000 	D:\AndroidStudio\jre\jre\bin\nio.dll
0x00007ff9c4880000 - 0x00007ff9c48a6000 	C:\Users\Stefan\.gradle\native\29\windows-amd64\native-platform.dll
0x00007ff9d8870000 - 0x00007ff9d887d000 	D:\AndroidStudio\jre\jre\bin\management.dll
0x00007ff9dbce0000 - 0x00007ff9dbcf7000 	C:\windows\SYSTEM32\CRYPTSP.dll
0x00007ff9db6e0000 - 0x00007ff9db713000 	C:\windows\system32\rsaenh.dll
0x00007ff9dbe10000 - 0x00007ff9dbe35000 	C:\windows\SYSTEM32\bcrypt.dll
0x00007ff9dc210000 - 0x00007ff9dc238000 	C:\windows\SYSTEM32\USERENV.dll
0x00007ff9dbd00000 - 0x00007ff9dbd0b000 	C:\windows\SYSTEM32\CRYPTBASE.dll
0x00007ff9db880000 - 0x00007ff9db8b8000 	C:\windows\SYSTEM32\IPHLPAPI.DLL
0x00007ff9dd5f0000 - 0x00007ff9dd5f8000 	C:\windows\System32\NSI.dll
0x00007ff9d2b10000 - 0x00007ff9d2b26000 	C:\windows\SYSTEM32\dhcpcsvc6.DLL
0x00007ff9d48b0000 - 0x00007ff9d48ca000 	C:\windows\SYSTEM32\dhcpcsvc.DLL

VM Arguments:
jvm_args: -Xmx1536m -Dfile.encoding=windows-1252 -Duser.country=CA -Duser.language=en -Duser.variant 
java_command: org.gradle.launcher.daemon.bootstrap.GradleDaemon 5.4.1
java_class_path (initial): C:\Users\Stefan\.gradle\wrapper\dists\gradle-5.4.1-all\3221gyojl5jsh0helicew7rwx\gradle-5.4.1\lib\gradle-launcher-5.4.1.jar
Launcher Type: SUN_STANDARD

Environment Variables:
JAVA_HOME=C:\Program Files\Java\jdk1.8.0_202
JRE_HOME=C:\Program Files\Java\jdk1.8.0_202\jre
CLASSPATH=.;C:\Program Files\Java\jdk1.8.0_202\lib;C:\Program Files\Java\jdk1.8.0_202\jre\lib
PATH=C:\Program Files (x86)\Common Files\Oracle\Java\javapath;C:\app\orcl\product\12.1.0\dbhome_1\bin;C:\windows\system32;C:\windows;C:\windows\System32\Wbem;C:\windows\System32\WindowsPowerShell\v1.0\;C:\windows\System32\OpenSSH\;C:\Program Files\Git\cmd;C:\Program Files\Java\jdk-11.0.2\bin;C:\Users\Stefan\Downloads\incubating-netbeans-11.0-bin\netbeans\bin;C:\Program Files\Java\jdk1.8.0_202\bin
USERNAME=Stefan
OS=Windows_NT
PROCESSOR_IDENTIFIER=Intel64 Family 6 Model 122 Stepping 1, GenuineIntel



---------------  S Y S T E M  ---------------

OS: Windows 10.0 , 64 bit Build 17134 (10.0.17134.753)

CPU:total 2 (initial active 2) (2 cores per cpu, 1 threads per core) family 6 model 122 stepping 1, cmov, cx8, fxsr, mmx, sse, sse2, sse3, ssse3, sse4.1, sse4.2, popcnt, aes, clmul, erms, 3dnowpref, tsc, tscinvbit

Memory: 4k page, physical 3967180k(269404k free), swap 11439432k(6040k free)

vm_info: OpenJDK 64-Bit Server VM (25.202-b03) for windows-amd64 JRE (1.8.0_202-release-1483-b03), built by "builder" with MS VC++ 10.0 (VS2010)

time: Thu Jan 30 16:57:24 2020
timezone: Eastern Standard Time
elapsed time: 8140 seconds (0d 2h 15m 40s)

