#
# There is insufficient memory for the Java Runtime Environment to continue.
# Native memory allocation (malloc) failed to allocate 1728816 bytes for Chunk::new
# Possible reasons:
#   The system is out of physical RAM or swap space
#   The process is running with CompressedOops enabled, and the Java Heap may be blocking the growth of the native heap
# Possible solutions:
#   Reduce memory load on the system
#   Increase physical memory or swap space
#   Check if swap backing store is full
#   Decrease Java heap size (-Xmx/-Xms)
#   Decrease number of Java threads
#   Decrease Java thread stack sizes (-Xss)
#   Set larger code cache with -XX:ReservedCodeCacheSize=
#   JVM is running with Unscaled Compressed Oops mode in which the Java heap is
#     placed in the first 4GB address space. The Java Heap base address is the
#     maximum limit for the native heap growth. Please use -XX:HeapBaseMinAddress
#     to set the Java Heap base and to place the Java Heap above 4GB virtual address.
# This output file may be truncated or incomplete.
#
#  Out of Memory Error (allocation.cpp:389), pid=4168, tid=0x0000000000003614
#
# JRE version: OpenJDK Runtime Environment (8.0_202-b03) (build 1.8.0_202-release-1483-b03)
# Java VM: OpenJDK 64-Bit Server VM (25.202-b03 mixed mode windows-amd64 compressed oops)
# Failed to write core dump. Minidumps are not enabled by default on client versions of Windows
#

---------------  T H R E A D  ---------------

Current thread (0x0000000016005800):  JavaThread "C2 CompilerThread0" daemon [_thread_in_native, id=13844, stack(0x0000000017030000,0x0000000017130000)]

Stack: [0x0000000017030000,0x0000000017130000]
[error occurred during error reporting (printing stack bounds), id 0xc0000005]

Native frames: (J=compiled Java code, j=interpreted, Vv=VM code, C=native code)


Current CompileTask:
C2:  40879 5379       4       sun.reflect.generics.parser.SignatureParser::parsePackageNameAndSimpleClassTypeSignature (139 bytes)


---------------  P R O C E S S  ---------------

Java Threads: ( => current thread )
  0x0000000017a55000 JavaThread "Memory manager" [_thread_blocked, id=11988, stack(0x00000000205f0000,0x00000000206f0000)]
  0x0000000017a59000 JavaThread "Cache worker for Build Output Cleanup Cache (D:\AndroidStudioProjects\.gradle\buildOutputCleanup)" [_thread_blocked, id=13952, stack(0x000000001faf0000,0x000000001fbf0000)]
  0x0000000017a56800 JavaThread "pool-1-thread-1" [_thread_blocked, id=12368, stack(0x000000001f4f0000,0x000000001f5f0000)]
  0x0000000017a54800 JavaThread "Build operations Thread 2" [_thread_blocked, id=11044, stack(0x000000001dbb0000,0x000000001dcb0000)]
  0x0000000017a5a800 JavaThread "Build operations" [_thread_blocked, id=13128, stack(0x000000001d8a0000,0x000000001d9a0000)]
  0x00000000175dd000 JavaThread "Cache worker for execution history cache (C:\Users\Stefan\.gradle\caches\5.4.1\executionHistory)" [_thread_blocked, id=16296, stack(0x000000001d5a0000,0x000000001d6a0000)]
  0x00000000175da000 JavaThread "Cache worker for cache directory md-rule (C:\Users\Stefan\.gradle\caches\5.4.1\md-rule)" [_thread_blocked, id=1812, stack(0x000000001d4a0000,0x000000001d5a0000)]
  0x00000000175db800 JavaThread "Cache worker for cache directory md-supplier (C:\Users\Stefan\.gradle\caches\5.4.1\md-supplier)" [_thread_blocked, id=8744, stack(0x000000001d2a0000,0x000000001d3a0000)]
  0x00000000175da800 JavaThread "Cache worker for file hash cache (D:\AndroidStudioProjects\.gradle\5.4.1\fileHashes)" [_thread_blocked, id=12904, stack(0x000000001cda0000,0x000000001cea0000)]
  0x00000000175dc000 JavaThread "Cache worker for journal cache (C:\Users\Stefan\.gradle\caches\journal-1)" [_thread_blocked, id=13012, stack(0x000000001a680000,0x000000001a780000)]
  0x00000000175d8800 JavaThread "File lock request listener" [_thread_in_native, id=13272, stack(0x000000001a380000,0x000000001a480000)]
  0x0000000018795000 JavaThread "Cache worker for file hash cache (C:\Users\Stefan\.gradle\caches\5.4.1\fileHashes)" [_thread_blocked, id=13976, stack(0x000000001a280000,0x000000001a380000)]
  0x0000000018746800 JavaThread "Thread-9" [_thread_blocked, id=9020, stack(0x000000001a180000,0x000000001a280000)]
  0x0000000018752800 JavaThread "Stdin handler" [_thread_blocked, id=15012, stack(0x000000001a080000,0x000000001a180000)]
  0x0000000018752000 JavaThread "Asynchronous log dispatcher for DefaultDaemonConnection: socket connection from /127.0.0.1:61094 to /127.0.0.1:61095" [_thread_blocked, id=4372, stack(0x0000000019f80000,0x000000001a080000)]
  0x00000000184a7800 JavaThread "Daemon worker" [_thread_in_Java, id=10528, stack(0x0000000019e80000,0x0000000019f80000)]
  0x0000000018737800 JavaThread "Cancel handler" [_thread_blocked, id=2992, stack(0x0000000019d80000,0x0000000019e80000)]
  0x0000000018b4e800 JavaThread "Handler for socket connection from /127.0.0.1:61094 to /127.0.0.1:61095" [_thread_in_native, id=12732, stack(0x0000000019a80000,0x0000000019b80000)]
  0x0000000018b4b800 JavaThread "Daemon" [_thread_blocked, id=7540, stack(0x0000000019980000,0x0000000019a80000)]
  0x0000000018abd800 JavaThread "Daemon periodic checks" [_thread_blocked, id=9356, stack(0x0000000019880000,0x0000000019980000)]
  0x0000000018ab4000 JavaThread "Incoming local TCP Connector on port 61094" [_thread_in_native, id=8936, stack(0x0000000019640000,0x0000000019740000)]
  0x00000000176d7000 JavaThread "Daemon health stats" [_thread_blocked, id=2228, stack(0x0000000019000000,0x0000000019100000)]
  0x000000001606c800 JavaThread "Service Thread" daemon [_thread_blocked, id=11416, stack(0x0000000017230000,0x0000000017330000)]
  0x0000000016008000 JavaThread "C1 CompilerThread1" daemon [_thread_blocked, id=936, stack(0x0000000017130000,0x0000000017230000)]
=>0x0000000016005800 JavaThread "C2 CompilerThread0" daemon [_thread_in_native, id=13844, stack(0x0000000017030000,0x0000000017130000)]
  0x0000000015fff000 JavaThread "Attach Listener" daemon [_thread_blocked, id=4452, stack(0x0000000016f30000,0x0000000017030000)]
  0x00000000028ce800 JavaThread "Signal Dispatcher" daemon [_thread_blocked, id=15580, stack(0x0000000016e30000,0x0000000016f30000)]
  0x00000000028c6800 JavaThread "Finalizer" daemon [_thread_blocked, id=8548, stack(0x0000000016c40000,0x0000000016d40000)]
  0x0000000015fe7000 JavaThread "Reference Handler" daemon [_thread_blocked, id=10164, stack(0x0000000016b40000,0x0000000016c40000)]
  0x000000000265e000 JavaThread "main" [_thread_blocked, id=12028, stack(0x00000000026d0000,0x00000000027d0000)]

Other Threads:
  0x00000000028b7000 VMThread [stack: 0x0000000016a40000,0x0000000016b40000] [id=9504]
  0x000000001606e800 WatcherThread [stack: 0x0000000017330000,0x0000000017430000] [id=5524]

VM state:not at safepoint (normal execution)

VM Mutex/Monitor currently owned by a thread: None

heap address: 0x00000000a0000000, size: 1536 MB, Compressed Oops mode: 32-bit
Narrow klass base: 0x0000000000000000, Narrow klass shift: 3
Compressed class space size: 1073741824 Address: 0x0000000100000000

Heap:
 PSYoungGen      total 202240K, used 11254K [0x00000000e0000000, 0x00000000ed900000, 0x0000000100000000)
  eden space 185856K, 6% used [0x00000000e0000000,0x00000000e0afd940,0x00000000eb580000)
  from space 16384K, 0% used [0x00000000ec600000,0x00000000ec600000,0x00000000ed600000)
  to   space 16896K, 0% used [0x00000000eb580000,0x00000000eb580000,0x00000000ec600000)
 ParOldGen       total 84992K, used 34457K [0x00000000a0000000, 0x00000000a5300000, 0x00000000e0000000)
  object space 84992K, 40% used [0x00000000a0000000,0x00000000a21a65c8,0x00000000a5300000)
 Metaspace       used 57438K, capacity 59294K, committed 59352K, reserved 1099776K
  class space    used 7709K, capacity 8116K, committed 8152K, reserved 1048576K

Card table byte_map: [0x0000000011c90000,0x0000000011fa0000] byte_map_base: 0x0000000011790000

Marking Bits: (ParMarkBitMap*) 0x0000000064289f30
 Begin Bits: [0x00000000123a0000, 0x0000000013ba0000)
 End Bits:   [0x0000000013ba0000, 0x00000000153a0000)

Polling page: 0x00000000005f0000

CodeCache: size=245760Kb used=17629Kb max_used=17629Kb free=228130Kb
 bounds [0x00000000028d0000, 0x0000000003a20000, 0x00000000118d0000]
 total_blobs=5939 nmethods=5135 adapters=718
 compilation: enabled

Compilation events (10 events):
Event: 40.799 Thread 0x0000000016008000 5452       3       org.gradle.api.internal.collections.DefaultPendingSource::removeByProvider (50 bytes)
Event: 40.800 Thread 0x0000000016008000 nmethod 5452 0x0000000003a0cbd0 code [0x0000000003a0cdc0, 0x0000000003a0d848]
Event: 40.800 Thread 0x0000000016008000 5453       3       org.gradle.internal.operations.OperationFinishEvent::getStartTime (5 bytes)
Event: 40.800 Thread 0x0000000016008000 nmethod 5453 0x0000000003a0db10 code [0x0000000003a0dc60, 0x0000000003a0ddb0]
Event: 40.800 Thread 0x0000000016008000 5454       3       org.gradle.tooling.internal.provider.runner.ProgressEventConsumer::finished (32 bytes)
Event: 40.800 Thread 0x0000000016008000 nmethod 5454 0x0000000003a0de50 code [0x0000000003a0dfe0, 0x0000000003a0e478]
Event: 40.805 Thread 0x0000000016008000 5455       3       com.google.common.collect.LinkedHashMultimap$ValueSet$1::next (43 bytes)
Event: 40.806 Thread 0x0000000016008000 nmethod 5455 0x0000000003a0e610 code [0x0000000003a0e7c0, 0x0000000003a0eeb8]
Event: 40.807 Thread 0x0000000016008000 5456       3       java.lang.reflect.Executable::isSynthetic (8 bytes)
Event: 40.808 Thread 0x0000000016008000 nmethod 5456 0x0000000003a0f190 code [0x0000000003a0f300, 0x0000000003a0f5c8]

GC Heap History (10 events):
Event: 25.618 GC heap before
{Heap before GC invocations=11 (full 1):
 PSYoungGen      total 132096K, used 19661K [0x00000000e0000000, 0x00000000ea580000, 0x0000000100000000)
  eden space 121856K, 7% used [0x00000000e0000000,0x00000000e0939b90,0x00000000e7700000)
  from space 10240K, 99% used [0x00000000e7700000,0x00000000e80f9920,0x00000000e8100000)
  to   space 12800K, 0% used [0x00000000e9900000,0x00000000e9900000,0x00000000ea580000)
 ParOldGen       total 38400K, used 15865K [0x00000000a0000000, 0x00000000a2580000, 0x00000000e0000000)
  object space 38400K, 41% used [0x00000000a0000000,0x00000000a0f7e410,0x00000000a2580000)
 Metaspace       used 34564K, capacity 35430K, committed 35456K, reserved 1079296K
  class space    used 4767K, capacity 4987K, committed 4992K, reserved 1048576K
Event: 25.639 GC heap after
Heap after GC invocations=11 (full 1):
 PSYoungGen      total 157184K, used 5792K [0x00000000e0000000, 0x00000000ebc80000, 0x0000000100000000)
  eden space 144384K, 0% used [0x00000000e0000000,0x00000000e0000000,0x00000000e8d00000)
  from space 12800K, 45% used [0x00000000e9900000,0x00000000e9ea8000,0x00000000ea580000)
  to   space 12288K, 0% used [0x00000000e8d00000,0x00000000e8d00000,0x00000000e9900000)
 ParOldGen       total 38400K, used 18702K [0x00000000a0000000, 0x00000000a2580000, 0x00000000e0000000)
  object space 38400K, 48% used [0x00000000a0000000,0x00000000a1243b60,0x00000000a2580000)
 Metaspace       used 34564K, capacity 35430K, committed 35456K, reserved 1079296K
  class space    used 4767K, capacity 4987K, committed 4992K, reserved 1048576K
}
Event: 25.639 GC heap before
{Heap before GC invocations=12 (full 2):
 PSYoungGen      total 157184K, used 5792K [0x00000000e0000000, 0x00000000ebc80000, 0x0000000100000000)
  eden space 144384K, 0% used [0x00000000e0000000,0x00000000e0000000,0x00000000e8d00000)
  from space 12800K, 45% used [0x00000000e9900000,0x00000000e9ea8000,0x00000000ea580000)
  to   space 12288K, 0% used [0x00000000e8d00000,0x00000000e8d00000,0x00000000e9900000)
 ParOldGen       total 38400K, used 18702K [0x00000000a0000000, 0x00000000a2580000, 0x00000000e0000000)
  object space 38400K, 48% used [0x00000000a0000000,0x00000000a1243b60,0x00000000a2580000)
 Metaspace       used 34564K, capacity 35430K, committed 35456K, reserved 1079296K
  class space    used 4767K, capacity 4987K, committed 4992K, reserved 1048576K
Event: 25.805 GC heap after
Heap after GC invocations=12 (full 2):
 PSYoungGen      total 157184K, used 0K [0x00000000e0000000, 0x00000000ebc80000, 0x0000000100000000)
  eden space 144384K, 0% used [0x00000000e0000000,0x00000000e0000000,0x00000000e8d00000)
  from space 12800K, 0% used [0x00000000e9900000,0x00000000e9900000,0x00000000ea580000)
  to   space 12288K, 0% used [0x00000000e8d00000,0x00000000e8d00000,0x00000000e9900000)
 ParOldGen       total 51200K, used 15607K [0x00000000a0000000, 0x00000000a3200000, 0x00000000e0000000)
  object space 51200K, 30% used [0x00000000a0000000,0x00000000a0f3dff0,0x00000000a3200000)
 Metaspace       used 34564K, capacity 35430K, committed 35456K, reserved 1079296K
  class space    used 4767K, capacity 4987K, committed 4992K, reserved 1048576K
}
Event: 36.340 GC heap before
{Heap before GC invocations=13 (full 2):
 PSYoungGen      total 157184K, used 144384K [0x00000000e0000000, 0x00000000ebc80000, 0x0000000100000000)
  eden space 144384K, 100% used [0x00000000e0000000,0x00000000e8d00000,0x00000000e8d00000)
  from space 12800K, 0% used [0x00000000e9900000,0x00000000e9900000,0x00000000ea580000)
  to   space 12288K, 0% used [0x00000000e8d00000,0x00000000e8d00000,0x00000000e9900000)
 ParOldGen       total 51200K, used 15607K [0x00000000a0000000, 0x00000000a3200000, 0x00000000e0000000)
  object space 51200K, 30% used [0x00000000a0000000,0x00000000a0f3dff0,0x00000000a3200000)
 Metaspace       used 48657K, capacity 49998K, committed 50304K, reserved 1093632K
  class space    used 6465K, capacity 6735K, committed 6784K, reserved 1048576K
Event: 36.374 GC heap after
Heap after GC invocations=13 (full 2):
 PSYoungGen      total 156672K, used 12258K [0x00000000e0000000, 0x00000000ed600000, 0x0000000100000000)
  eden space 144384K, 0% used [0x00000000e0000000,0x00000000e0000000,0x00000000e8d00000)
  from space 12288K, 99% used [0x00000000e8d00000,0x00000000e98f8978,0x00000000e9900000)
  to   space 16384K, 0% used [0x00000000ec600000,0x00000000ec600000,0x00000000ed600000)
 ParOldGen       total 51200K, used 22061K [0x00000000a0000000, 0x00000000a3200000, 0x00000000e0000000)
  object space 51200K, 43% used [0x00000000a0000000,0x00000000a158b430,0x00000000a3200000)
 Metaspace       used 48657K, capacity 49998K, committed 50304K, reserved 1093632K
  class space    used 6465K, capacity 6735K, committed 6784K, reserved 1048576K
}
Event: 39.750 GC heap before
{Heap before GC invocations=14 (full 2):
 PSYoungGen      total 156672K, used 122500K [0x00000000e0000000, 0x00000000ed600000, 0x0000000100000000)
  eden space 144384K, 76% used [0x00000000e0000000,0x00000000e6ba8798,0x00000000e8d00000)
  from space 12288K, 99% used [0x00000000e8d00000,0x00000000e98f8978,0x00000000e9900000)
  to   space 16384K, 0% used [0x00000000ec600000,0x00000000ec600000,0x00000000ed600000)
 ParOldGen       total 51200K, used 22061K [0x00000000a0000000, 0x00000000a3200000, 0x00000000e0000000)
  object space 51200K, 43% used [0x00000000a0000000,0x00000000a158b430,0x00000000a3200000)
 Metaspace       used 57150K, capacity 59016K, committed 59096K, reserved 1099776K
  class space    used 7657K, capacity 8077K, committed 8152K, reserved 1048576K
Event: 39.797 GC heap after
Heap after GC invocations=14 (full 2):
 PSYoungGen      total 202240K, used 11703K [0x00000000e0000000, 0x00000000ed900000, 0x0000000100000000)
  eden space 185856K, 0% used [0x00000000e0000000,0x00000000e0000000,0x00000000eb580000)
  from space 16384K, 71% used [0x00000000ec600000,0x00000000ed16dc80,0x00000000ed600000)
  to   space 16896K, 0% used [0x00000000eb580000,0x00000000eb580000,0x00000000ec600000)
 ParOldGen       total 51200K, used 30804K [0x00000000a0000000, 0x00000000a3200000, 0x00000000e0000000)
  object space 51200K, 60% used [0x00000000a0000000,0x00000000a1e153b8,0x00000000a3200000)
 Metaspace       used 57150K, capacity 59016K, committed 59096K, reserved 1099776K
  class space    used 7657K, capacity 8077K, committed 8152K, reserved 1048576K
}
Event: 39.797 GC heap before
{Heap before GC invocations=15 (full 3):
 PSYoungGen      total 202240K, used 11703K [0x00000000e0000000, 0x00000000ed900000, 0x0000000100000000)
  eden space 185856K, 0% used [0x00000000e0000000,0x00000000e0000000,0x00000000eb580000)
  from space 16384K, 71% used [0x00000000ec600000,0x00000000ed16dc80,0x00000000ed600000)
  to   space 16896K, 0% used [0x00000000eb580000,0x00000000eb580000,0x00000000ec600000)
 ParOldGen       total 51200K, used 30804K [0x00000000a0000000, 0x00000000a3200000, 0x00000000e0000000)
  object space 51200K, 60% used [0x00000000a0000000,0x00000000a1e153b8,0x00000000a3200000)
 Metaspace       used 57150K, capacity 59016K, committed 59096K, reserved 1099776K
  class space    used 7657K, capacity 8077K, committed 8152K, reserved 1048576K
Event: 40.122 GC heap after
Heap after GC invocations=15 (full 3):
 PSYoungGen      total 202240K, used 0K [0x00000000e0000000, 0x00000000ed900000, 0x0000000100000000)
  eden space 185856K, 0% used [0x00000000e0000000,0x00000000e0000000,0x00000000eb580000)
  from space 16384K, 0% used [0x00000000ec600000,0x00000000ec600000,0x00000000ed600000)
  to   space 16896K, 0% used [0x00000000eb580000,0x00000000eb580000,0x00000000ec600000)
 ParOldGen       total 84992K, used 34457K [0x00000000a0000000, 0x00000000a5300000, 0x00000000e0000000)
  object space 84992K, 40% used [0x00000000a0000000,0x00000000a21a65c8,0x00000000a5300000)
 Metaspace       used 57119K, capacity 58910K, committed 59096K, reserved 1099776K
  class space    used 7649K, capacity 8066K, committed 8152K, reserved 1048576K
}

Deoptimization events (10 events):
Event: 35.151 Thread 0x00000000184a7800 Uncommon trap: reason=unstable_if action=reinterpret pc=0x00000000030c5724 method=org.objectweb.asm.ByteVector.putUTF8(Ljava/lang/String;)Lorg/objectweb/asm/ByteVector; @ 93
Event: 35.541 Thread 0x00000000184a7800 Uncommon trap: reason=unstable_if action=reinterpret pc=0x0000000003055030 method=org.objectweb.asm.ByteVector.putUTF8(Ljava/lang/String;)Lorg/objectweb/asm/ByteVector; @ 93
Event: 35.616 Thread 0x00000000184a7800 Uncommon trap: reason=unstable_if action=reinterpret pc=0x0000000002a3a02c method=java.lang.ClassValue.match(Ljava/lang/ClassValue$Entry;)Z @ 12
Event: 35.616 Thread 0x00000000184a7800 Uncommon trap: reason=unstable_if action=reinterpret pc=0x0000000002f30d0c method=java.lang.ClassValue.match(Ljava/lang/ClassValue$Entry;)Z @ 12
Event: 36.212 Thread 0x00000000184a7800 Uncommon trap: reason=unstable_if action=reinterpret pc=0x00000000035dd1ac method=org.gradle.internal.reflect.PropertyAccessorType.of(Ljava/lang/reflect/Method;)Lorg/gradle/internal/reflect/PropertyAccessorType; @ 56
Event: 37.352 Thread 0x00000000184a7800 Uncommon trap: reason=unstable_if action=reinterpret pc=0x0000000003571d54 method=jdk.internal.org.objectweb.asm.Type.getArgumentsAndReturnSizes(Ljava/lang/String;)I @ 88
Event: 37.726 Thread 0x00000000184a7800 Uncommon trap: reason=unstable_if action=reinterpret pc=0x00000000029fbea4 method=java.lang.String.lastIndexOf([CII[CIII)I @ 17
Event: 38.037 Thread 0x00000000184a7800 Uncommon trap: reason=unstable_if action=reinterpret pc=0x0000000002e2d4e8 method=java.util.concurrent.ConcurrentHashMap.putVal(Ljava/lang/Object;Ljava/lang/Object;Z)Ljava/lang/Object; @ 195
Event: 38.094 Thread 0x00000000184a7800 Uncommon trap: reason=unstable_if action=reinterpret pc=0x0000000003808f08 method=kotlin.reflect.jvm.internal.impl.protobuf.CodedInputStream.readRawVarint32()I @ 10
Event: 38.812 Thread 0x00000000184a7800 Uncommon trap: reason=unstable_if action=reinterpret pc=0x00000000031a67e4 method=java.io.WinNTFileSystem.normalize(Ljava/lang/String;)Ljava/lang/String; @ 74

Classes redefined (0 events):
No events

Internal exceptions (10 events):
Event: 38.746 Thread 0x00000000184a7800 Exception <a 'java/lang/ClassNotFoundException': com/android/build/gradle/internal/api/ApkVariantOutputImplBeanInfo> (0x00000000e4d33ad8) thrown at [D:\src\AOSP-openjdk-cygwin\jdk8u\hotspot\src\share\vm\classfile\systemDictionary.cpp, line 210]
Event: 38.747 Thread 0x00000000184a7800 Exception <a 'java/lang/ClassNotFoundException': com/android/build/gradle/internal/api/BaseVariantOutputImplBeanInfo> (0x00000000e4d4f198) thrown at [D:\src\AOSP-openjdk-cygwin\jdk8u\hotspot\src\share\vm\classfile\systemDictionary.cpp, line 210]
Event: 38.747 Thread 0x00000000184a7800 Exception <a 'java/lang/ClassNotFoundException': com/android/build/gradle/internal/api/BaseVariantOutputImplCustomizer> (0x00000000e4d6ad08) thrown at [D:\src\AOSP-openjdk-cygwin\jdk8u\hotspot\src\share\vm\classfile\systemDictionary.cpp, line 210]
Event: 38.748 Thread 0x00000000184a7800 Exception <a 'java/lang/ClassNotFoundException': com/android/build/gradle/internal/api/ApkVariantOutputImplCustomizer> (0x00000000e4da0758) thrown at [D:\src\AOSP-openjdk-cygwin\jdk8u\hotspot\src\share\vm\classfile\systemDictionary.cpp, line 210]
Event: 38.749 Thread 0x00000000184a7800 Exception <a 'java/lang/ClassNotFoundException': com/android/build/gradle/internal/api/ApkVariantOutputImpl_DecoratedCustomizer> (0x00000000e4dd12b0) thrown at [D:\src\AOSP-openjdk-cygwin\jdk8u\hotspot\src\share\vm\classfile\systemDictionary.cpp, line 210
Event: 39.278 Thread 0x00000000184a7800 Exception <a 'java/lang/NoSuchMethodError': java.lang.Object.lambda$static$0(Ljava/util/Set;Ljava/util/Set;)Z> (0x00000000e5f9fdc8) thrown at [D:\src\AOSP-openjdk-cygwin\jdk8u\hotspot\src\share\vm\interpreter\linkResolver.cpp, line 620]
Event: 39.278 Thread 0x00000000184a7800 Exception <a 'java/lang/NoSuchMethodError': java.lang.Object.lambda$static$1(Ljava/util/Set;Ljava/util/Set;)Z> (0x00000000e5fa2d38) thrown at [D:\src\AOSP-openjdk-cygwin\jdk8u\hotspot\src\share\vm\interpreter\linkResolver.cpp, line 620]
Event: 39.278 Thread 0x00000000184a7800 Exception <a 'java/lang/NoSuchMethodError': java.lang.Object.lambda$static$2(Ljava/util/Set;Ljava/util/Set;)Z> (0x00000000e5fa5878) thrown at [D:\src\AOSP-openjdk-cygwin\jdk8u\hotspot\src\share\vm\interpreter\linkResolver.cpp, line 620]
Event: 39.279 Thread 0x00000000184a7800 Exception <a 'java/lang/NoSuchMethodError': java.lang.Object.lambda$static$3(Ljava/util/Set;Ljava/util/Set;)Z> (0x00000000e5fa83b8) thrown at [D:\src\AOSP-openjdk-cygwin\jdk8u\hotspot\src\share\vm\interpreter\linkResolver.cpp, line 620]
Event: 39.279 Thread 0x00000000184a7800 Exception <a 'java/lang/NoSuchMethodError': java.lang.Object.lambda$static$4(Ljava/util/Set;Ljava/util/Set;)Z> (0x00000000e5faaef8) thrown at [D:\src\AOSP-openjdk-cygwin\jdk8u\hotspot\src\share\vm\interpreter\linkResolver.cpp, line 620]

Events (10 events):
Event: 40.785 loading class com/android/build/gradle/internal/tasks/featuresplit/FeatureSetMetadata
Event: 40.785 loading class com/android/build/gradle/internal/tasks/featuresplit/FeatureSetMetadata done
Event: 40.789 loading class com/android/build/gradle/internal/tasks/featuresplit/FeatureSetMetadata$SupplierProvider
Event: 40.789 loading class com/android/build/gradle/internal/tasks/featuresplit/FeatureSetMetadata$SupplierProvider done
Event: 40.789 loading class com/android/build/gradle/internal/tasks/featuresplit/FeatureSetMetadata$SupplierProviderImpl
Event: 40.789 loading class com/android/build/gradle/internal/tasks/featuresplit/FeatureSetMetadata$SupplierProviderImpl done
Event: 40.792 loading class org/gradle/api/tasks/CompileClasspath
Event: 40.792 loading class org/gradle/api/tasks/CompileClasspath done
Event: 40.809 loading class com/android/builder/testing/api/DeviceConfigProvider
Event: 40.809 loading class com/android/builder/testing/api/DeviceConfigProvider done


Dynamic libraries:
0x00007ff65a1c0000 - 0x00007ff65a1f1000 	D:\AndroidStudio\jre\bin\java.exe
0x00007ff9e0010000 - 0x00007ff9e01f1000 	C:\windows\SYSTEM32\ntdll.dll
0x00007ff9dfd70000 - 0x00007ff9dfe21000 	C:\windows\System32\KERNEL32.DLL
0x00007ff9dcfa0000 - 0x00007ff9dd213000 	C:\windows\System32\KERNELBASE.dll
0x00007ff9dd600000 - 0x00007ff9dd6a1000 	C:\windows\System32\ADVAPI32.dll
0x00007ff9dfe30000 - 0x00007ff9dfece000 	C:\windows\System32\msvcrt.dll
0x00007ff9ddbd0000 - 0x00007ff9ddc2b000 	C:\windows\System32\sechost.dll
0x00007ff9df5d0000 - 0x00007ff9df6f4000 	C:\windows\System32\RPCRT4.dll
0x00007ff9dfbc0000 - 0x00007ff9dfd50000 	C:\windows\System32\USER32.dll
0x00007ff9dcd80000 - 0x00007ff9dcda0000 	C:\windows\System32\win32u.dll
0x00007ff9ddd40000 - 0x00007ff9ddd68000 	C:\windows\System32\GDI32.dll
0x00007ff9dcbe0000 - 0x00007ff9dcd71000 	C:\windows\System32\gdi32full.dll
0x00007ff9dce00000 - 0x00007ff9dce9f000 	C:\windows\System32\msvcp_win.dll
0x00007ff9dc3d0000 - 0x00007ff9dc4c8000 	C:\windows\System32\ucrtbase.dll
0x00007ff9c67d0000 - 0x00007ff9c6a39000 	C:\windows\WinSxS\amd64_microsoft.windows.common-controls_6595b64144ccf1df_6.0.17134.1246_none_d3ffb9d77c90723d\COMCTL32.dll
0x00007ff9df860000 - 0x00007ff9dfb81000 	C:\windows\System32\combase.dll
0x00007ff9dd410000 - 0x00007ff9dd489000 	C:\windows\System32\bcryptPrimitives.dll
0x00007ff9dfb90000 - 0x00007ff9dfbbd000 	C:\windows\System32\IMM32.DLL
0x00000000639e0000 - 0x0000000063ab2000 	D:\AndroidStudio\jre\jre\bin\msvcr100.dll
0x0000000063ac0000 - 0x0000000064306000 	D:\AndroidStudio\jre\jre\bin\server\jvm.dll
0x00007ff9df850000 - 0x00007ff9df858000 	C:\windows\System32\PSAPI.DLL
0x00007ff9d9f40000 - 0x00007ff9d9f63000 	C:\windows\SYSTEM32\WINMM.dll
0x00007ff9d7870000 - 0x00007ff9d787a000 	C:\windows\SYSTEM32\VERSION.dll
0x00007ff9d9ec0000 - 0x00007ff9d9eea000 	C:\windows\SYSTEM32\WINMMBASE.dll
0x00007ff9dcf50000 - 0x00007ff9dcf99000 	C:\windows\System32\cfgmgr32.dll
0x00007ff9bd740000 - 0x00007ff9bd749000 	C:\windows\SYSTEM32\WSOCK32.dll
0x00007ff9ddc30000 - 0x00007ff9ddc9c000 	C:\windows\System32\ws2_32.DLL
0x00007ff9d8870000 - 0x00007ff9d887f000 	D:\AndroidStudio\jre\jre\bin\verify.dll
0x00007ff9d2770000 - 0x00007ff9d2799000 	D:\AndroidStudio\jre\jre\bin\java.dll
0x00007ff9d87e0000 - 0x00007ff9d87f6000 	D:\AndroidStudio\jre\jre\bin\zip.dll
0x00007ff9dde50000 - 0x00007ff9df295000 	C:\windows\System32\SHELL32.dll
0x00007ff9dff30000 - 0x00007ff9dffd9000 	C:\windows\System32\shcore.dll
0x00007ff9dc4d0000 - 0x00007ff9dcbe0000 	C:\windows\System32\windows.storage.dll
0x00007ff9dfed0000 - 0x00007ff9dff21000 	C:\windows\System32\shlwapi.dll
0x00007ff9dc3b0000 - 0x00007ff9dc3c1000 	C:\windows\System32\kernel.appcore.dll
0x00007ff9dc310000 - 0x00007ff9dc32f000 	C:\windows\System32\profapi.dll
0x00007ff9dc330000 - 0x00007ff9dc37c000 	C:\windows\System32\powrprof.dll
0x00007ff9dc3a0000 - 0x00007ff9dc3aa000 	C:\windows\System32\FLTLIB.DLL
0x00007ff9d8630000 - 0x00007ff9d864a000 	D:\AndroidStudio\jre\jre\bin\net.dll
0x00007ff9dbb30000 - 0x00007ff9dbb96000 	C:\windows\system32\mswsock.dll
0x00007ff9d6ee0000 - 0x00007ff9d6ef1000 	D:\AndroidStudio\jre\jre\bin\nio.dll
0x00007ff9c9710000 - 0x00007ff9c9736000 	C:\Users\Stefan\.gradle\native\29\windows-amd64\native-platform.dll
0x00007ff9d8850000 - 0x00007ff9d885d000 	D:\AndroidStudio\jre\jre\bin\management.dll
0x00007ff9dbce0000 - 0x00007ff9dbcf7000 	C:\windows\SYSTEM32\CRYPTSP.dll
0x00007ff9db6e0000 - 0x00007ff9db713000 	C:\windows\system32\rsaenh.dll
0x00007ff9dbe10000 - 0x00007ff9dbe35000 	C:\windows\SYSTEM32\bcrypt.dll
0x00007ff9dc210000 - 0x00007ff9dc238000 	C:\windows\SYSTEM32\USERENV.dll
0x00007ff9dbd00000 - 0x00007ff9dbd0b000 	C:\windows\SYSTEM32\CRYPTBASE.dll
0x00007ff9db880000 - 0x00007ff9db8b8000 	C:\windows\SYSTEM32\IPHLPAPI.DLL
0x00007ff9dd5f0000 - 0x00007ff9dd5f8000 	C:\windows\System32\NSI.dll
0x00007ff9d2b10000 - 0x00007ff9d2b26000 	C:\windows\SYSTEM32\dhcpcsvc6.DLL
0x00007ff9d48b0000 - 0x00007ff9d48ca000 	C:\windows\SYSTEM32\dhcpcsvc.DLL

VM Arguments:
jvm_args: -Xmx1536m -Dfile.encoding=windows-1252 -Duser.country=CA -Duser.language=en -Duser.variant 
java_command: org.gradle.launcher.daemon.bootstrap.GradleDaemon 5.4.1
java_class_path (initial): C:\Users\Stefan\.gradle\wrapper\dists\gradle-5.4.1-all\3221gyojl5jsh0helicew7rwx\gradle-5.4.1\lib\gradle-launcher-5.4.1.jar
Launcher Type: SUN_STANDARD

Environment Variables:
JAVA_HOME=C:\Program Files\Java\jdk1.8.0_202
JRE_HOME=C:\Program Files\Java\jdk1.8.0_202\jre
CLASSPATH=.;C:\Program Files\Java\jdk1.8.0_202\lib;C:\Program Files\Java\jdk1.8.0_202\jre\lib
PATH=C:\Program Files (x86)\Common Files\Oracle\Java\javapath;C:\app\orcl\product\12.1.0\dbhome_1\bin;C:\windows\system32;C:\windows;C:\windows\System32\Wbem;C:\windows\System32\WindowsPowerShell\v1.0\;C:\windows\System32\OpenSSH\;C:\Program Files\Git\cmd;C:\Program Files\Java\jdk-11.0.2\bin;C:\Users\Stefan\Downloads\incubating-netbeans-11.0-bin\netbeans\bin;C:\Program Files\Java\jdk1.8.0_202\bin
USERNAME=Stefan
OS=Windows_NT
PROCESSOR_IDENTIFIER=Intel64 Family 6 Model 122 Stepping 1, GenuineIntel



---------------  S Y S T E M  ---------------

OS: Windows 10.0 , 64 bit Build 17134 (10.0.17134.753)

CPU:total 2 (initial active 2) (2 cores per cpu, 1 threads per core) family 6 model 122 stepping 1, cmov, cx8, fxsr, mmx, sse, sse2, sse3, ssse3, sse4.1, sse4.2, popcnt, aes, clmul, erms, 3dnowpref, tsc, tscinvbit

Memory: 4k page, physical 3967180k(395676k free), swap 11439432k(5556k free)

vm_info: OpenJDK 64-Bit Server VM (25.202-b03) for windows-amd64 JRE (1.8.0_202-release-1483-b03), built by "builder" with MS VC++ 10.0 (VS2010)

time: Thu Jan 30 12:39:08 2020
timezone: Eastern Standard Time
elapsed time: 40 seconds (0d 0h 0m 40s)

