#
# There is insufficient memory for the Java Runtime Environment to continue.
# Native memory allocation (malloc) failed to allocate 32744 bytes for ChunkPool::allocate
# Possible reasons:
#   The system is out of physical RAM or swap space
#   The process is running with CompressedOops enabled, and the Java Heap may be blocking the growth of the native heap
# Possible solutions:
#   Reduce memory load on the system
#   Increase physical memory or swap space
#   Check if swap backing store is full
#   Decrease Java heap size (-Xmx/-Xms)
#   Decrease number of Java threads
#   Decrease Java thread stack sizes (-Xss)
#   Set larger code cache with -XX:ReservedCodeCacheSize=
#   JVM is running with Unscaled Compressed Oops mode in which the Java heap is
#     placed in the first 4GB address space. The Java Heap base address is the
#     maximum limit for the native heap growth. Please use -XX:HeapBaseMinAddress
#     to set the Java Heap base and to place the Java Heap above 4GB virtual address.
# This output file may be truncated or incomplete.
#
#  Out of Memory Error (allocation.cpp:272), pid=15104, tid=0x0000000000001230
#
# JRE version: OpenJDK Runtime Environment (8.0_202-b03) (build 1.8.0_202-release-1483-b03)
# Java VM: OpenJDK 64-Bit Server VM (25.202-b03 mixed mode windows-amd64 compressed oops)
# Failed to write core dump. Minidumps are not enabled by default on client versions of Windows
#

---------------  T H R E A D  ---------------

Current thread (0x0000000015dc1800):  JavaThread "C2 CompilerThread0" daemon [_thread_in_native, id=4656, stack(0x0000000016de0000,0x0000000016ee0000)]

Stack: [0x0000000016de0000,0x0000000016ee0000]
[error occurred during error reporting (printing stack bounds), id 0xc0000005]

Native frames: (J=compiled Java code, j=interpreted, Vv=VM code, C=native code)


Current CompileTask:
C2:  16507 2228   !   4       java.net.URLClassLoader$1::run (63 bytes)


---------------  P R O C E S S  ---------------

Java Threads: ( => current thread )
  0x0000000017896000 JavaThread "Cache worker for execution history cache (C:\Users\Stefan\.gradle\caches\5.4.1\executionHistory)" [_thread_blocked, id=11532, stack(0x000000001d2d0000,0x000000001d3d0000)]
  0x0000000017894000 JavaThread "Cache worker for cache directory md-rule (C:\Users\Stefan\.gradle\caches\5.4.1\md-rule)" [_thread_blocked, id=2392, stack(0x000000001d1d0000,0x000000001d2d0000)]
  0x0000000017893000 JavaThread "Cache worker for cache directory md-supplier (C:\Users\Stefan\.gradle\caches\5.4.1\md-supplier)" [_thread_blocked, id=10840, stack(0x000000001cfd0000,0x000000001d0d0000)]
  0x0000000017897800 JavaThread "Cache worker for file hash cache (D:\AndroidStudioProjects\.gradle\5.4.1\fileHashes)" [_thread_blocked, id=11984, stack(0x000000001c6d0000,0x000000001c7d0000)]
  0x0000000017894800 JavaThread "Cache worker for journal cache (C:\Users\Stefan\.gradle\caches\journal-1)" [_thread_blocked, id=15128, stack(0x000000001a430000,0x000000001a530000)]
  0x0000000017897000 JavaThread "File lock request listener" [_thread_in_native, id=10128, stack(0x000000001a130000,0x000000001a230000)]
  0x000000001742d800 JavaThread "Cache worker for file hash cache (C:\Users\Stefan\.gradle\caches\5.4.1\fileHashes)" [_thread_blocked, id=14032, stack(0x000000001a030000,0x000000001a130000)]
  0x00000000189c7000 JavaThread "Thread-9" [_thread_blocked, id=15296, stack(0x0000000019f30000,0x000000001a030000)]
  0x00000000189c6000 JavaThread "Stdin handler" [_thread_blocked, id=10440, stack(0x0000000019e30000,0x0000000019f30000)]
  0x00000000188f6000 JavaThread "Asynchronous log dispatcher for DefaultDaemonConnection: socket connection from /127.0.0.1:61566 to /127.0.0.1:61567" [_thread_blocked, id=9404, stack(0x0000000019d30000,0x0000000019e30000)]
  0x00000000188fd000 JavaThread "Daemon worker" [_thread_in_vm, id=12592, stack(0x0000000019c30000,0x0000000019d30000)]
  0x00000000188fc000 JavaThread "Cancel handler" [_thread_blocked, id=12828, stack(0x0000000019b30000,0x0000000019c30000)]
  0x00000000188e8000 JavaThread "Handler for socket connection from /127.0.0.1:61566 to /127.0.0.1:61567" [_thread_in_native, id=2348, stack(0x0000000019830000,0x0000000019930000)]
  0x00000000188e3800 JavaThread "Daemon" [_thread_blocked, id=4760, stack(0x0000000019730000,0x0000000019830000)]
  0x000000001887a800 JavaThread "Daemon periodic checks" [_thread_blocked, id=2400, stack(0x0000000019630000,0x0000000019730000)]
  0x0000000018711800 JavaThread "Incoming local TCP Connector on port 61566" [_thread_in_native, id=15252, stack(0x00000000193f0000,0x00000000194f0000)]
  0x00000000184d1800 JavaThread "Daemon health stats" [_thread_blocked, id=13464, stack(0x0000000018db0000,0x0000000018eb0000)]
  0x0000000015dcc800 JavaThread "Service Thread" daemon [_thread_blocked, id=10744, stack(0x0000000016fe0000,0x00000000170e0000)]
  0x0000000015dc5000 JavaThread "C1 CompilerThread1" daemon [_thread_blocked, id=7632, stack(0x0000000016ee0000,0x0000000016fe0000)]
=>0x0000000015dc1800 JavaThread "C2 CompilerThread0" daemon [_thread_in_native, id=4656, stack(0x0000000016de0000,0x0000000016ee0000)]
  0x0000000015dbf000 JavaThread "Attach Listener" daemon [_thread_blocked, id=13320, stack(0x0000000016ce0000,0x0000000016de0000)]
  0x0000000015dbc000 JavaThread "Signal Dispatcher" daemon [_thread_blocked, id=13844, stack(0x0000000016be0000,0x0000000016ce0000)]
  0x0000000002686800 JavaThread "Finalizer" daemon [_thread_blocked, id=2332, stack(0x00000000169f0000,0x0000000016af0000)]
  0x0000000015da7000 JavaThread "Reference Handler" daemon [_thread_blocked, id=5548, stack(0x00000000168f0000,0x00000000169f0000)]
  0x000000000248e000 JavaThread "main" [_thread_blocked, id=8860, stack(0x0000000002490000,0x0000000002590000)]

Other Threads:
  0x0000000002677000 VMThread [stack: 0x00000000167f0000,0x00000000168f0000] [id=13856]
  0x0000000015dce800 WatcherThread [stack: 0x00000000170e0000,0x00000000171e0000] [id=2072]

VM state:not at safepoint (normal execution)

VM Mutex/Monitor currently owned by a thread: None

heap address: 0x00000000a0000000, size: 1536 MB, Compressed Oops mode: 32-bit
Narrow klass base: 0x0000000000000000, Narrow klass shift: 3
Compressed class space size: 1073741824 Address: 0x0000000100000000

Heap:
 PSYoungGen      total 65536K, used 16320K [0x00000000e0000000, 0x00000000e7580000, 0x0000000100000000)
  eden space 59392K, 17% used [0x00000000e0000000,0x00000000e09f13d8,0x00000000e3a00000)
  from space 6144K, 99% used [0x00000000e4400000,0x00000000e49fee20,0x00000000e4a00000)
  to   space 10240K, 0% used [0x00000000e3a00000,0x00000000e3a00000,0x00000000e4400000)
 ParOldGen       total 39424K, used 14707K [0x00000000a0000000, 0x00000000a2680000, 0x00000000e0000000)
  object space 39424K, 37% used [0x00000000a0000000,0x00000000a0e5cf48,0x00000000a2680000)
 Metaspace       used 28769K, capacity 29392K, committed 29568K, reserved 1075200K
  class space    used 3952K, capacity 4159K, committed 4224K, reserved 1048576K

Card table byte_map: [0x0000000011a50000,0x0000000011d60000] byte_map_base: 0x0000000011550000

Marking Bits: (ParMarkBitMap*) 0x0000000064289f30
 Begin Bits: [0x0000000012160000, 0x0000000013960000)
 End Bits:   [0x0000000013960000, 0x0000000015160000)

Polling page: 0x0000000000600000

CodeCache: size=245760Kb used=8076Kb max_used=8076Kb free=237683Kb
 bounds [0x0000000002690000, 0x0000000002e80000, 0x0000000011690000]
 total_blobs=2765 nmethods=2099 adapters=580
 compilation: enabled

Compilation events (10 events):
Event: 16.406 Thread 0x0000000015dc5000 2241       3       com.sun.beans.TypeResolver::erase (32 bytes)
Event: 16.406 Thread 0x0000000015dc5000 nmethod 2241 0x0000000002e6d5d0 code [0x0000000002e6d760, 0x0000000002e6db68]
Event: 16.406 Thread 0x0000000015dc5000 2239       3       java.lang.reflect.Executable::printModifiersIfNonzero (101 bytes)
Event: 16.408 Thread 0x0000000015dc5000 nmethod 2239 0x0000000002e75810 code [0x0000000002e75b20, 0x0000000002e77298]
Event: 16.408 Thread 0x0000000015dc5000 2240       3       com.sun.beans.TypeResolver::resolveInClass (9 bytes)
Event: 16.409 Thread 0x0000000015dc5000 nmethod 2240 0x0000000002e6c010 code [0x0000000002e6c1e0, 0x0000000002e6c848]
Event: 16.413 Thread 0x0000000015dc5000 2242       3       java.lang.Class$MethodArray::remove (39 bytes)
Event: 16.413 Thread 0x0000000015dc5000 nmethod 2242 0x0000000002e781d0 code [0x0000000002e78360, 0x0000000002e78a28]
Event: 16.414 Thread 0x0000000015dc5000 2243       3       groovy.lang.MetaClassImpl$Index::getNotNull (32 bytes)
Event: 16.415 Thread 0x0000000015dc5000 nmethod 2243 0x0000000002e78c50 code [0x0000000002e78de0, 0x0000000002e79408]

GC Heap History (10 events):
Event: 5.598 GC heap before
{Heap before GC invocations=5 (full 0):
 PSYoungGen      total 34304K, used 34288K [0x00000000e0000000, 0x00000000e2400000, 0x0000000100000000)
  eden space 31744K, 100% used [0x00000000e0000000,0x00000000e1f00000,0x00000000e1f00000)
  from space 2560K, 99% used [0x00000000e2180000,0x00000000e23fc010,0x00000000e2400000)
  to   space 2560K, 0% used [0x00000000e1f00000,0x00000000e1f00000,0x00000000e2180000)
 ParOldGen       total 42496K, used 1886K [0x00000000a0000000, 0x00000000a2980000, 0x00000000e0000000)
  object space 42496K, 4% used [0x00000000a0000000,0x00000000a01d78d0,0x00000000a2980000)
 Metaspace       used 13000K, capacity 13386K, committed 13568K, reserved 1060864K
  class space    used 1789K, capacity 1931K, committed 2048K, reserved 1048576K
Event: 5.613 GC heap after
Heap after GC invocations=5 (full 0):
 PSYoungGen      total 34304K, used 2528K [0x00000000e0000000, 0x00000000e4a00000, 0x0000000100000000)
  eden space 31744K, 0% used [0x00000000e0000000,0x00000000e0000000,0x00000000e1f00000)
  from space 2560K, 98% used [0x00000000e1f00000,0x00000000e2178040,0x00000000e2180000)
  to   space 6144K, 0% used [0x00000000e4400000,0x00000000e4400000,0x00000000e4a00000)
 ParOldGen       total 42496K, used 5578K [0x00000000a0000000, 0x00000000a2980000, 0x00000000e0000000)
  object space 42496K, 13% used [0x00000000a0000000,0x00000000a0572b00,0x00000000a2980000)
 Metaspace       used 13000K, capacity 13386K, committed 13568K, reserved 1060864K
  class space    used 1789K, capacity 1931K, committed 2048K, reserved 1048576K
}
Event: 6.846 GC heap before
{Heap before GC invocations=6 (full 0):
 PSYoungGen      total 34304K, used 34272K [0x00000000e0000000, 0x00000000e4a00000, 0x0000000100000000)
  eden space 31744K, 100% used [0x00000000e0000000,0x00000000e1f00000,0x00000000e1f00000)
  from space 2560K, 98% used [0x00000000e1f00000,0x00000000e2178040,0x00000000e2180000)
  to   space 6144K, 0% used [0x00000000e4400000,0x00000000e4400000,0x00000000e4a00000)
 ParOldGen       total 42496K, used 5578K [0x00000000a0000000, 0x00000000a2980000, 0x00000000e0000000)
  object space 42496K, 13% used [0x00000000a0000000,0x00000000a0572b00,0x00000000a2980000)
 Metaspace       used 15684K, capacity 16128K, committed 16256K, reserved 1062912K
  class space    used 2231K, capacity 2360K, committed 2432K, reserved 1048576K
Event: 6.880 GC heap after
Heap after GC invocations=6 (full 0):
 PSYoungGen      total 68608K, used 6118K [0x00000000e0000000, 0x00000000e4c00000, 0x0000000100000000)
  eden space 62464K, 0% used [0x00000000e0000000,0x00000000e0000000,0x00000000e3d00000)
  from space 6144K, 99% used [0x00000000e4400000,0x00000000e49f9b58,0x00000000e4a00000)
  to   space 7168K, 0% used [0x00000000e3d00000,0x00000000e3d00000,0x00000000e4400000)
 ParOldGen       total 42496K, used 5945K [0x00000000a0000000, 0x00000000a2980000, 0x00000000e0000000)
  object space 42496K, 13% used [0x00000000a0000000,0x00000000a05ce6e8,0x00000000a2980000)
 Metaspace       used 15684K, capacity 16128K, committed 16256K, reserved 1062912K
  class space    used 2231K, capacity 2360K, committed 2432K, reserved 1048576K
}
Event: 13.622 GC heap before
{Heap before GC invocations=7 (full 0):
 PSYoungGen      total 68608K, used 56703K [0x00000000e0000000, 0x00000000e4c00000, 0x0000000100000000)
  eden space 62464K, 80% used [0x00000000e0000000,0x00000000e3166200,0x00000000e3d00000)
  from space 6144K, 99% used [0x00000000e4400000,0x00000000e49f9b58,0x00000000e4a00000)
  to   space 7168K, 0% used [0x00000000e3d00000,0x00000000e3d00000,0x00000000e4400000)
 ParOldGen       total 42496K, used 5945K [0x00000000a0000000, 0x00000000a2980000, 0x00000000e0000000)
  object space 42496K, 13% used [0x00000000a0000000,0x00000000a05ce6e8,0x00000000a2980000)
 Metaspace       used 20701K, capacity 21160K, committed 21296K, reserved 1067008K
  class space    used 2958K, capacity 3125K, committed 3200K, reserved 1048576K
Event: 13.647 GC heap after
Heap after GC invocations=7 (full 0):
 PSYoungGen      total 69632K, used 7136K [0x00000000e0000000, 0x00000000e4c00000, 0x0000000100000000)
  eden space 62464K, 0% used [0x00000000e0000000,0x00000000e0000000,0x00000000e3d00000)
  from space 7168K, 99% used [0x00000000e3d00000,0x00000000e43f8198,0x00000000e4400000)
  to   space 6144K, 0% used [0x00000000e4400000,0x00000000e4400000,0x00000000e4a00000)
 ParOldGen       total 42496K, used 8741K [0x00000000a0000000, 0x00000000a2980000, 0x00000000e0000000)
  object space 42496K, 20% used [0x00000000a0000000,0x00000000a0889490,0x00000000a2980000)
 Metaspace       used 20701K, capacity 21160K, committed 21296K, reserved 1067008K
  class space    used 2958K, capacity 3125K, committed 3200K, reserved 1048576K
}
Event: 13.647 GC heap before
{Heap before GC invocations=8 (full 1):
 PSYoungGen      total 69632K, used 7136K [0x00000000e0000000, 0x00000000e4c00000, 0x0000000100000000)
  eden space 62464K, 0% used [0x00000000e0000000,0x00000000e0000000,0x00000000e3d00000)
  from space 7168K, 99% used [0x00000000e3d00000,0x00000000e43f8198,0x00000000e4400000)
  to   space 6144K, 0% used [0x00000000e4400000,0x00000000e4400000,0x00000000e4a00000)
 ParOldGen       total 42496K, used 8741K [0x00000000a0000000, 0x00000000a2980000, 0x00000000e0000000)
  object space 42496K, 20% used [0x00000000a0000000,0x00000000a0889490,0x00000000a2980000)
 Metaspace       used 20701K, capacity 21160K, committed 21296K, reserved 1067008K
  class space    used 2958K, capacity 3125K, committed 3200K, reserved 1048576K
Event: 13.749 GC heap after
Heap after GC invocations=8 (full 1):
 PSYoungGen      total 69632K, used 0K [0x00000000e0000000, 0x00000000e4c00000, 0x0000000100000000)
  eden space 62464K, 0% used [0x00000000e0000000,0x00000000e0000000,0x00000000e3d00000)
  from space 7168K, 0% used [0x00000000e3d00000,0x00000000e3d00000,0x00000000e4400000)
  to   space 6144K, 0% used [0x00000000e4400000,0x00000000e4400000,0x00000000e4a00000)
 ParOldGen       total 39424K, used 13554K [0x00000000a0000000, 0x00000000a2680000, 0x00000000e0000000)
  object space 39424K, 34% used [0x00000000a0000000,0x00000000a0d3c800,0x00000000a2680000)
 Metaspace       used 20701K, capacity 21160K, committed 21296K, reserved 1067008K
  class space    used 2958K, capacity 3125K, committed 3200K, reserved 1048576K
}
Event: 16.226 GC heap before
{Heap before GC invocations=9 (full 1):
 PSYoungGen      total 69632K, used 62464K [0x00000000e0000000, 0x00000000e4c00000, 0x0000000100000000)
  eden space 62464K, 100% used [0x00000000e0000000,0x00000000e3d00000,0x00000000e3d00000)
  from space 7168K, 0% used [0x00000000e3d00000,0x00000000e3d00000,0x00000000e4400000)
  to   space 6144K, 0% used [0x00000000e4400000,0x00000000e4400000,0x00000000e4a00000)
 ParOldGen       total 39424K, used 13554K [0x00000000a0000000, 0x00000000a2680000, 0x00000000e0000000)
  object space 39424K, 34% used [0x00000000a0000000,0x00000000a0d3c800,0x00000000a2680000)
 Metaspace       used 28153K, capacity 28676K, committed 28928K, reserved 1075200K
  class space    used 3850K, capacity 4029K, committed 4096K, reserved 1048576K
Event: 16.238 GC heap after
Heap after GC invocations=9 (full 1):
 PSYoungGen      total 65536K, used 6139K [0x00000000e0000000, 0x00000000e7580000, 0x0000000100000000)
  eden space 59392K, 0% used [0x00000000e0000000,0x00000000e0000000,0x00000000e3a00000)
  from space 6144K, 99% used [0x00000000e4400000,0x00000000e49fee20,0x00000000e4a00000)
  to   space 10240K, 0% used [0x00000000e3a00000,0x00000000e3a00000,0x00000000e4400000)
 ParOldGen       total 39424K, used 14707K [0x00000000a0000000, 0x00000000a2680000, 0x00000000e0000000)
  object space 39424K, 37% used [0x00000000a0000000,0x00000000a0e5cf48,0x00000000a2680000)
 Metaspace       used 28153K, capacity 28676K, committed 28928K, reserved 1075200K
  class space    used 3850K, capacity 4029K, committed 4096K, reserved 1048576K
}

Deoptimization events (10 events):
Event: 12.802 Thread 0x00000000188fd000 Uncommon trap: reason=class_check action=maybe_recompile pc=0x0000000002882760 method=sun.misc.URLClassPath.getLoader(I)Lsun/misc/URLClassPath$Loader; @ 94
Event: 12.802 Thread 0x00000000188fd000 Uncommon trap: reason=class_check action=maybe_recompile pc=0x00000000029dfba0 method=sun.misc.URLClassPath.getResource(Ljava/lang/String;Z)Lsun/misc/Resource; @ 62
Event: 12.807 Thread 0x00000000188fd000 Uncommon trap: reason=unstable_if action=reinterpret pc=0x0000000002c4d648 method=java.lang.ClassLoader.getClassLoadingLock(Ljava/lang/String;)Ljava/lang/Object; @ 6
Event: 12.995 Thread 0x00000000188fd000 Uncommon trap: reason=bimorphic action=maybe_recompile pc=0x0000000002c453d8 method=java.io.BufferedInputStream.read([BII)I @ 101
Event: 13.009 Thread 0x00000000188fd000 Uncommon trap: reason=bimorphic action=maybe_recompile pc=0x0000000002c453d8 method=java.io.BufferedInputStream.read([BII)I @ 101
Event: 13.010 Thread 0x00000000188fd000 Uncommon trap: reason=bimorphic action=maybe_recompile pc=0x0000000002c453d8 method=java.io.BufferedInputStream.read([BII)I @ 101
Event: 13.010 Thread 0x00000000188fd000 Uncommon trap: reason=bimorphic action=maybe_recompile pc=0x0000000002c453d8 method=java.io.BufferedInputStream.read([BII)I @ 101
Event: 15.463 Thread 0x00000000188fd000 Uncommon trap: reason=unstable_if action=reinterpret pc=0x0000000002b3e260 method=java.util.HashMap.hash(Ljava/lang/Object;)I @ 1
Event: 15.758 Thread 0x00000000188fd000 Uncommon trap: reason=unstable_if action=reinterpret pc=0x000000000294917c method=java.io.WinNTFileSystem.resolve(Ljava/lang/String;Ljava/lang/String;)Ljava/lang/String; @ 49
Event: 15.830 Thread 0x00000000188fd000 Uncommon trap: reason=unstable_if action=reinterpret pc=0x0000000002971ab0 method=java.util.LinkedHashMap.afterNodeInsertion(Z)V @ 1

Classes redefined (0 events):
No events

Internal exceptions (10 events):
Event: 15.165 Thread 0x00000000188fd000 Exception <a 'java/lang/ClassNotFoundException': groovy/lang/Closure$1Customizer> (0x00000000e15f31e8) thrown at [D:\src\AOSP-openjdk-cygwin\jdk8u\hotspot\src\share\vm\classfile\systemDictionary.cpp, line 210]
Event: 15.350 Thread 0x00000000188fd000 Exception <a 'java/lang/ClassNotFoundException': org/gradle/internal/metaobject/ConfigureDelegateBeanInfo> (0x00000000e1d50f50) thrown at [D:\src\AOSP-openjdk-cygwin\jdk8u\hotspot\src\share\vm\classfile\systemDictionary.cpp, line 210]
Event: 15.351 Thread 0x00000000188fd000 Exception <a 'java/lang/ClassNotFoundException': org/gradle/internal/metaobject/ConfigureDelegateCustomizer> (0x00000000e1d79e68) thrown at [D:\src\AOSP-openjdk-cygwin\jdk8u\hotspot\src\share\vm\classfile\systemDictionary.cpp, line 210]
Event: 15.360 Thread 0x00000000188fd000 Exception <a 'java/lang/ClassNotFoundException': org/gradle/api/internal/initialization/DefaultScriptHandlerBeanInfo> (0x00000000e1dfead8) thrown at [D:\src\AOSP-openjdk-cygwin\jdk8u\hotspot\src\share\vm\classfile\systemDictionary.cpp, line 210]
Event: 15.361 Thread 0x00000000188fd000 Exception <a 'java/lang/ClassNotFoundException': org/gradle/api/internal/initialization/DefaultScriptHandlerCustomizer> (0x00000000e1e2ef58) thrown at [D:\src\AOSP-openjdk-cygwin\jdk8u\hotspot\src\share\vm\classfile\systemDictionary.cpp, line 210]
Event: 15.463 Thread 0x00000000188fd000 Implicit null exception at 0x0000000002b3e055 to 0x0000000002b3e251
Event: 16.397 Thread 0x00000000188fd000 Exception <a 'java/lang/ClassNotFoundException': org/gradle/api/internal/artifacts/dsl/dependencies/DefaultDependencyHandler_DecoratedBeanInfo> (0x00000000e07c3fb8) thrown at [D:\src\AOSP-openjdk-cygwin\jdk8u\hotspot\src\share\vm\classfile\systemDictionar
Event: 16.398 Thread 0x00000000188fd000 Exception <a 'java/lang/ClassNotFoundException': org/gradle/api/internal/artifacts/dsl/dependencies/DefaultDependencyHandlerBeanInfo> (0x00000000e0813610) thrown at [D:\src\AOSP-openjdk-cygwin\jdk8u\hotspot\src\share\vm\classfile\systemDictionary.cpp, lin
Event: 16.399 Thread 0x00000000188fd000 Exception <a 'java/lang/ClassNotFoundException': org/gradle/api/internal/artifacts/dsl/dependencies/DefaultDependencyHandlerCustomizer> (0x00000000e0863cb0) thrown at [D:\src\AOSP-openjdk-cygwin\jdk8u\hotspot\src\share\vm\classfile\systemDictionary.cpp, l
Event: 16.412 Thread 0x00000000188fd000 Exception <a 'java/lang/ClassNotFoundException': org/gradle/api/internal/artifacts/dsl/dependencies/DefaultDependencyHandler_DecoratedCustomizer> (0x00000000e08e7418) thrown at [D:\src\AOSP-openjdk-cygwin\jdk8u\hotspot\src\share\vm\classfile\systemDiction

Events (10 events):
Event: 16.412 loading class org/gradle/api/internal/artifacts/dsl/dependencies/DefaultDependencyHandler_DecoratedCustomizer
Event: 16.412 loading class org/gradle/api/internal/artifacts/dsl/dependencies/DefaultDependencyHandler_DecoratedCustomizer done
Event: 16.412 loading class org/gradle/api/internal/artifacts/dsl/dependencies/DefaultDependencyHandler_DecoratedCustomizer
Event: 16.412 loading class org/gradle/api/internal/artifacts/dsl/dependencies/DefaultDependencyHandler_DecoratedCustomizer done
Event: 16.416 loading class sun/reflect/UnsafeObjectFieldAccessorImpl
Event: 16.419 loading class sun/reflect/UnsafeObjectFieldAccessorImpl done
Event: 16.420 loading class org/codehaus/groovy/classgen/asm/util/TypeUtil
Event: 16.420 loading class org/codehaus/groovy/classgen/asm/util/TypeUtil done
Event: 16.473 loading class org/gradle/api/internal/file/collections/DefaultConfigurableFileCollection
Event: 16.473 loading class org/gradle/api/internal/file/collections/DefaultConfigurableFileCollection done


Dynamic libraries:
0x00007ff62d3c0000 - 0x00007ff62d3f1000 	D:\AndroidStudio\jre\bin\java.exe
0x00007ff9e0010000 - 0x00007ff9e01f1000 	C:\windows\SYSTEM32\ntdll.dll
0x00007ff9dfd70000 - 0x00007ff9dfe21000 	C:\windows\System32\KERNEL32.DLL
0x00007ff9dcfa0000 - 0x00007ff9dd213000 	C:\windows\System32\KERNELBASE.dll
0x00007ff9dd600000 - 0x00007ff9dd6a1000 	C:\windows\System32\ADVAPI32.dll
0x00007ff9dfe30000 - 0x00007ff9dfece000 	C:\windows\System32\msvcrt.dll
0x00007ff9ddbd0000 - 0x00007ff9ddc2b000 	C:\windows\System32\sechost.dll
0x00007ff9df5d0000 - 0x00007ff9df6f4000 	C:\windows\System32\RPCRT4.dll
0x00007ff9dfbc0000 - 0x00007ff9dfd50000 	C:\windows\System32\USER32.dll
0x00007ff9dcd80000 - 0x00007ff9dcda0000 	C:\windows\System32\win32u.dll
0x00007ff9ddd40000 - 0x00007ff9ddd68000 	C:\windows\System32\GDI32.dll
0x00007ff9dcbe0000 - 0x00007ff9dcd71000 	C:\windows\System32\gdi32full.dll
0x00007ff9dce00000 - 0x00007ff9dce9f000 	C:\windows\System32\msvcp_win.dll
0x00007ff9dc3d0000 - 0x00007ff9dc4c8000 	C:\windows\System32\ucrtbase.dll
0x00007ff9c67d0000 - 0x00007ff9c6a39000 	C:\windows\WinSxS\amd64_microsoft.windows.common-controls_6595b64144ccf1df_6.0.17134.1246_none_d3ffb9d77c90723d\COMCTL32.dll
0x00007ff9df860000 - 0x00007ff9dfb81000 	C:\windows\System32\combase.dll
0x00007ff9dd410000 - 0x00007ff9dd489000 	C:\windows\System32\bcryptPrimitives.dll
0x00007ff9dfb90000 - 0x00007ff9dfbbd000 	C:\windows\System32\IMM32.DLL
0x00000000647d0000 - 0x00000000648a2000 	D:\AndroidStudio\jre\jre\bin\msvcr100.dll
0x0000000063ac0000 - 0x0000000064306000 	D:\AndroidStudio\jre\jre\bin\server\jvm.dll
0x00007ff9df850000 - 0x00007ff9df858000 	C:\windows\System32\PSAPI.DLL
0x00007ff9bd740000 - 0x00007ff9bd749000 	C:\windows\SYSTEM32\WSOCK32.dll
0x00007ff9ddc30000 - 0x00007ff9ddc9c000 	C:\windows\System32\WS2_32.dll
0x00007ff9d9f40000 - 0x00007ff9d9f63000 	C:\windows\SYSTEM32\WINMM.dll
0x00007ff9d7870000 - 0x00007ff9d787a000 	C:\windows\SYSTEM32\VERSION.dll
0x00007ff9d9ec0000 - 0x00007ff9d9eea000 	C:\windows\SYSTEM32\WINMMBASE.dll
0x00007ff9dcf50000 - 0x00007ff9dcf99000 	C:\windows\System32\cfgmgr32.dll
0x00007ff9d8870000 - 0x00007ff9d887f000 	D:\AndroidStudio\jre\jre\bin\verify.dll
0x00007ff9d2770000 - 0x00007ff9d2799000 	D:\AndroidStudio\jre\jre\bin\java.dll
0x00007ff9d87e0000 - 0x00007ff9d87f6000 	D:\AndroidStudio\jre\jre\bin\zip.dll
0x00007ff9dde50000 - 0x00007ff9df295000 	C:\windows\System32\SHELL32.dll
0x00007ff9dff30000 - 0x00007ff9dffd9000 	C:\windows\System32\shcore.dll
0x00007ff9dc4d0000 - 0x00007ff9dcbe0000 	C:\windows\System32\windows.storage.dll
0x00007ff9dfed0000 - 0x00007ff9dff21000 	C:\windows\System32\shlwapi.dll
0x00007ff9dc3b0000 - 0x00007ff9dc3c1000 	C:\windows\System32\kernel.appcore.dll
0x00007ff9dc310000 - 0x00007ff9dc32f000 	C:\windows\System32\profapi.dll
0x00007ff9dc330000 - 0x00007ff9dc37c000 	C:\windows\System32\powrprof.dll
0x00007ff9dc3a0000 - 0x00007ff9dc3aa000 	C:\windows\System32\FLTLIB.DLL
0x00007ff9d8630000 - 0x00007ff9d864a000 	D:\AndroidStudio\jre\jre\bin\net.dll
0x00007ff9dbb30000 - 0x00007ff9dbb96000 	C:\windows\system32\mswsock.dll
0x00007ff9d6ee0000 - 0x00007ff9d6ef1000 	D:\AndroidStudio\jre\jre\bin\nio.dll
0x00007ff9c61f0000 - 0x00007ff9c6216000 	C:\Users\Stefan\.gradle\native\29\windows-amd64\native-platform.dll
0x00007ff9d8850000 - 0x00007ff9d885d000 	D:\AndroidStudio\jre\jre\bin\management.dll
0x00007ff9dbce0000 - 0x00007ff9dbcf7000 	C:\windows\SYSTEM32\CRYPTSP.dll
0x00007ff9db6e0000 - 0x00007ff9db713000 	C:\windows\system32\rsaenh.dll
0x00007ff9dbe10000 - 0x00007ff9dbe35000 	C:\windows\SYSTEM32\bcrypt.dll
0x00007ff9dc210000 - 0x00007ff9dc238000 	C:\windows\SYSTEM32\USERENV.dll
0x00007ff9dbd00000 - 0x00007ff9dbd0b000 	C:\windows\SYSTEM32\CRYPTBASE.dll
0x00007ff9db880000 - 0x00007ff9db8b8000 	C:\windows\SYSTEM32\IPHLPAPI.DLL
0x00007ff9dd5f0000 - 0x00007ff9dd5f8000 	C:\windows\System32\NSI.dll
0x00007ff9d2b10000 - 0x00007ff9d2b26000 	C:\windows\SYSTEM32\dhcpcsvc6.DLL
0x00007ff9d48b0000 - 0x00007ff9d48ca000 	C:\windows\SYSTEM32\dhcpcsvc.DLL

VM Arguments:
jvm_args: -Xmx1536m -Dfile.encoding=windows-1252 -Duser.country=CA -Duser.language=en -Duser.variant 
java_command: org.gradle.launcher.daemon.bootstrap.GradleDaemon 5.4.1
java_class_path (initial): C:\Users\Stefan\.gradle\wrapper\dists\gradle-5.4.1-all\3221gyojl5jsh0helicew7rwx\gradle-5.4.1\lib\gradle-launcher-5.4.1.jar
Launcher Type: SUN_STANDARD

Environment Variables:
JAVA_HOME=C:\Program Files\Java\jdk1.8.0_202
JRE_HOME=C:\Program Files\Java\jdk1.8.0_202\jre
CLASSPATH=.;C:\Program Files\Java\jdk1.8.0_202\lib;C:\Program Files\Java\jdk1.8.0_202\jre\lib
PATH=C:\Program Files (x86)\Common Files\Oracle\Java\javapath;C:\app\orcl\product\12.1.0\dbhome_1\bin;C:\windows\system32;C:\windows;C:\windows\System32\Wbem;C:\windows\System32\WindowsPowerShell\v1.0\;C:\windows\System32\OpenSSH\;C:\Program Files\Git\cmd;C:\Program Files\Java\jdk-11.0.2\bin;C:\Users\Stefan\Downloads\incubating-netbeans-11.0-bin\netbeans\bin;C:\Program Files\Java\jdk1.8.0_202\bin
USERNAME=Stefan
OS=Windows_NT
PROCESSOR_IDENTIFIER=Intel64 Family 6 Model 122 Stepping 1, GenuineIntel



---------------  S Y S T E M  ---------------

OS: Windows 10.0 , 64 bit Build 17134 (10.0.17134.753)

CPU:total 2 (initial active 2) (2 cores per cpu, 1 threads per core) family 6 model 122 stepping 1, cmov, cx8, fxsr, mmx, sse, sse2, sse3, ssse3, sse4.1, sse4.2, popcnt, aes, clmul, erms, 3dnowpref, tsc, tscinvbit

Memory: 4k page, physical 3967180k(367980k free), swap 11439432k(5364k free)

vm_info: OpenJDK 64-Bit Server VM (25.202-b03) for windows-amd64 JRE (1.8.0_202-release-1483-b03), built by "builder" with MS VC++ 10.0 (VS2010)

time: Thu Jan 30 13:19:30 2020
timezone: Eastern Standard Time
elapsed time: 16 seconds (0d 0h 0m 16s)

