#
# There is insufficient memory for the Java Runtime Environment to continue.
# Native memory allocation (malloc) failed to allocate 1202736 bytes for Chunk::new
# Possible reasons:
#   The system is out of physical RAM or swap space
#   The process is running with CompressedOops enabled, and the Java Heap may be blocking the growth of the native heap
# Possible solutions:
#   Reduce memory load on the system
#   Increase physical memory or swap space
#   Check if swap backing store is full
#   Decrease Java heap size (-Xmx/-Xms)
#   Decrease number of Java threads
#   Decrease Java thread stack sizes (-Xss)
#   Set larger code cache with -XX:ReservedCodeCacheSize=
#   JVM is running with Unscaled Compressed Oops mode in which the Java heap is
#     placed in the first 4GB address space. The Java Heap base address is the
#     maximum limit for the native heap growth. Please use -XX:HeapBaseMinAddress
#     to set the Java Heap base and to place the Java Heap above 4GB virtual address.
# This output file may be truncated or incomplete.
#
#  Out of Memory Error (allocation.cpp:389), pid=13392, tid=0x0000000000001d40
#
# JRE version: OpenJDK Runtime Environment (8.0_202-b03) (build 1.8.0_202-release-1483-b03)
# Java VM: OpenJDK 64-Bit Server VM (25.202-b03 mixed mode windows-amd64 compressed oops)
# Failed to write core dump. Minidumps are not enabled by default on client versions of Windows
#

---------------  T H R E A D  ---------------

Current thread (0x0000000016266000):  JavaThread "C2 CompilerThread0" daemon [_thread_in_native, id=7488, stack(0x0000000017280000,0x0000000017380000)]

Stack: [0x0000000017280000,0x0000000017380000]
[error occurred during error reporting (printing stack bounds), id 0xc0000005]

Native frames: (J=compiled Java code, j=interpreted, Vv=VM code, C=native code)


Current CompileTask:
C2:   7778 1391       4       java.net.URLClassLoader$1::run (5 bytes)


---------------  P R O C E S S  ---------------

Java Threads: ( => current thread )
  0x000000001819c000 JavaThread "Cache worker for journal cache (C:\Users\Stefan\.gradle\caches\journal-1)" [_thread_blocked, id=12828, stack(0x000000001a6d0000,0x000000001a7d0000)]
  0x000000001819e000 JavaThread "File lock request listener" [_thread_in_native, id=10156, stack(0x000000001a5d0000,0x000000001a6d0000)]
  0x0000000018108800 JavaThread "Cache worker for file hash cache (C:\Users\Stefan\.gradle\caches\5.4.1\fileHashes)" [_thread_blocked, id=2308, stack(0x000000001a4d0000,0x000000001a5d0000)]
  0x0000000017877000 JavaThread "Thread-9" [_thread_blocked, id=12592, stack(0x000000001a3d0000,0x000000001a4d0000)]
  0x0000000017885800 JavaThread "Stdin handler" [_thread_blocked, id=15924, stack(0x000000001a2d0000,0x000000001a3d0000)]
  0x0000000017883000 JavaThread "Asynchronous log dispatcher for DefaultDaemonConnection: socket connection from /127.0.0.1:61367 to /127.0.0.1:61368" [_thread_blocked, id=6700, stack(0x000000001a1d0000,0x000000001a2d0000)]
  0x000000001807c800 JavaThread "Daemon worker" [_thread_in_native, id=14756, stack(0x000000001a0d0000,0x000000001a1d0000)]
  0x000000001807c000 JavaThread "Cancel handler" [_thread_blocked, id=14948, stack(0x0000000019fd0000,0x000000001a0d0000)]
  0x0000000017905800 JavaThread "Handler for socket connection from /127.0.0.1:61367 to /127.0.0.1:61368" [_thread_in_native, id=14780, stack(0x0000000019cd0000,0x0000000019dd0000)]
  0x0000000018782800 JavaThread "Daemon" [_thread_blocked, id=14916, stack(0x0000000019bd0000,0x0000000019cd0000)]
  0x0000000018b6b000 JavaThread "Daemon periodic checks" [_thread_blocked, id=7788, stack(0x0000000019ad0000,0x0000000019bd0000)]
  0x0000000018b70000 JavaThread "Incoming local TCP Connector on port 61367" [_thread_in_native, id=14880, stack(0x0000000019890000,0x0000000019990000)]
  0x00000000185b1800 JavaThread "Daemon health stats" [_thread_blocked, id=2392, stack(0x0000000019250000,0x0000000019350000)]
  0x00000000162c2800 JavaThread "Service Thread" daemon [_thread_blocked, id=11780, stack(0x0000000017480000,0x0000000017580000)]
  0x0000000016268800 JavaThread "C1 CompilerThread1" daemon [_thread_blocked, id=15776, stack(0x0000000017380000,0x0000000017480000)]
=>0x0000000016266000 JavaThread "C2 CompilerThread0" daemon [_thread_in_native, id=7488, stack(0x0000000017280000,0x0000000017380000)]
  0x0000000016260000 JavaThread "Attach Listener" daemon [_thread_blocked, id=7924, stack(0x0000000017180000,0x0000000017280000)]
  0x0000000002b2e800 JavaThread "Signal Dispatcher" daemon [_thread_blocked, id=12176, stack(0x0000000017080000,0x0000000017180000)]
  0x0000000002b26800 JavaThread "Finalizer" daemon [_thread_blocked, id=15948, stack(0x0000000016e90000,0x0000000016f90000)]
  0x0000000016247000 JavaThread "Reference Handler" daemon [_thread_blocked, id=9408, stack(0x0000000016d90000,0x0000000016e90000)]
  0x0000000002a2e000 JavaThread "main" [_thread_blocked, id=15272, stack(0x00000000028d0000,0x00000000029d0000)]

Other Threads:
  0x0000000002b17000 VMThread [stack: 0x0000000016c90000,0x0000000016d90000] [id=13308]
  0x0000000016291800 WatcherThread [stack: 0x0000000017580000,0x0000000017680000] [id=15240]

VM state:not at safepoint (normal execution)

VM Mutex/Monitor currently owned by a thread: None

heap address: 0x00000000a0000000, size: 1536 MB, Compressed Oops mode: 32-bit
Narrow klass base: 0x0000000000000000, Narrow klass shift: 3
Compressed class space size: 1073741824 Address: 0x0000000100000000

Heap:
 PSYoungGen      total 34304K, used 16351K [0x00000000e0000000, 0x00000000e2400000, 0x0000000100000000)
  eden space 31744K, 43% used [0x00000000e0000000,0x00000000e0d7ff50,0x00000000e1f00000)
  from space 2560K, 98% used [0x00000000e1f00000,0x00000000e2178040,0x00000000e2180000)
  to   space 2560K, 0% used [0x00000000e2180000,0x00000000e2180000,0x00000000e2400000)
 ParOldGen       total 42496K, used 5495K [0x00000000a0000000, 0x00000000a2980000, 0x00000000e0000000)
  object space 42496K, 12% used [0x00000000a0000000,0x00000000a055dcc8,0x00000000a2980000)
 Metaspace       used 14273K, capacity 14650K, committed 14976K, reserved 1062912K
  class space    used 1990K, capacity 2085K, committed 2176K, reserved 1048576K

Card table byte_map: [0x0000000011ef0000,0x0000000012200000] byte_map_base: 0x00000000119f0000

Marking Bits: (ParMarkBitMap*) 0x0000000064289f30
 Begin Bits: [0x0000000012600000, 0x0000000013e00000)
 End Bits:   [0x0000000013e00000, 0x0000000015600000)

Polling page: 0x0000000000ce0000

CodeCache: size=245760Kb used=4941Kb max_used=4943Kb free=240818Kb
 bounds [0x0000000002b30000, 0x0000000003010000, 0x0000000011b30000]
 total_blobs=1777 nmethods=1397 adapters=294
 compilation: enabled

Compilation events (10 events):
Event: 7.266 Thread 0x0000000016268800 nmethod 1389 0x0000000003000a50 code [0x0000000003000bc0, 0x0000000003000ed8]
Event: 7.276 Thread 0x0000000016266000 1390   !   4       java.net.URLClassLoader::findClass (47 bytes)
Event: 7.278 Thread 0x0000000016268800 1392       3       java.util.concurrent.locks.AbstractQueuedSynchronizer::compareAndSetState (13 bytes)
Event: 7.279 Thread 0x0000000016268800 nmethod 1392 0x0000000002fff210 code [0x0000000002fff360, 0x0000000002fff4d0]
Event: 7.279 Thread 0x0000000016266000 nmethod 1390 0x0000000002ffec90 code [0x0000000002ffee20, 0x0000000002fff018]
Event: 7.279 Thread 0x0000000016266000 1391       4       java.net.URLClassLoader$1::run (5 bytes)
Event: 7.341 Thread 0x0000000016268800 1394       3       java.util.concurrent.locks.ReentrantLock$Sync::tryRelease (45 bytes)
Event: 7.342 Thread 0x0000000016268800 nmethod 1394 0x00000000030001d0 code [0x0000000003000360, 0x0000000003000908]
Event: 7.521 Thread 0x0000000016268800 1395       3       org.gradle.internal.concurrent.CompositeStoppable::toStoppable (37 bytes)
Event: 7.522 Thread 0x0000000016268800 nmethod 1395 0x0000000002fff890 code [0x0000000002fffa40, 0x00000000030000a8]

GC Heap History (10 events):
Event: 2.375 GC heap before
{Heap before GC invocations=1 (full 0):
 PSYoungGen      total 18432K, used 15872K [0x00000000e0000000, 0x00000000e1480000, 0x0000000100000000)
  eden space 15872K, 100% used [0x00000000e0000000,0x00000000e0f80000,0x00000000e0f80000)
  from space 2560K, 0% used [0x00000000e1200000,0x00000000e1200000,0x00000000e1480000)
  to   space 2560K, 0% used [0x00000000e0f80000,0x00000000e0f80000,0x00000000e1200000)
 ParOldGen       total 42496K, used 0K [0x00000000a0000000, 0x00000000a2980000, 0x00000000e0000000)
  object space 42496K, 0% used [0x00000000a0000000,0x00000000a0000000,0x00000000a2980000)
 Metaspace       used 6188K, capacity 6372K, committed 6528K, reserved 1056768K
  class space    used 758K, capacity 812K, committed 896K, reserved 1048576K
Event: 2.394 GC heap after
Heap after GC invocations=1 (full 0):
 PSYoungGen      total 18432K, used 2541K [0x00000000e0000000, 0x00000000e1480000, 0x0000000100000000)
  eden space 15872K, 0% used [0x00000000e0000000,0x00000000e0000000,0x00000000e0f80000)
  from space 2560K, 99% used [0x00000000e0f80000,0x00000000e11fb6c8,0x00000000e1200000)
  to   space 2560K, 0% used [0x00000000e1200000,0x00000000e1200000,0x00000000e1480000)
 ParOldGen       total 42496K, used 121K [0x00000000a0000000, 0x00000000a2980000, 0x00000000e0000000)
  object space 42496K, 0% used [0x00000000a0000000,0x00000000a001e588,0x00000000a2980000)
 Metaspace       used 6188K, capacity 6372K, committed 6528K, reserved 1056768K
  class space    used 758K, capacity 812K, committed 896K, reserved 1048576K
}
Event: 3.025 GC heap before
{Heap before GC invocations=2 (full 0):
 PSYoungGen      total 18432K, used 18413K [0x00000000e0000000, 0x00000000e1480000, 0x0000000100000000)
  eden space 15872K, 100% used [0x00000000e0000000,0x00000000e0f80000,0x00000000e0f80000)
  from space 2560K, 99% used [0x00000000e0f80000,0x00000000e11fb6c8,0x00000000e1200000)
  to   space 2560K, 0% used [0x00000000e1200000,0x00000000e1200000,0x00000000e1480000)
 ParOldGen       total 42496K, used 121K [0x00000000a0000000, 0x00000000a2980000, 0x00000000e0000000)
  object space 42496K, 0% used [0x00000000a0000000,0x00000000a001e588,0x00000000a2980000)
 Metaspace       used 6952K, capacity 7172K, committed 7424K, reserved 1056768K
  class space    used 849K, capacity 908K, committed 1024K, reserved 1048576K
Event: 3.040 GC heap after
Heap after GC invocations=2 (full 0):
 PSYoungGen      total 18432K, used 2549K [0x00000000e0000000, 0x00000000e2400000, 0x0000000100000000)
  eden space 15872K, 0% used [0x00000000e0000000,0x00000000e0000000,0x00000000e0f80000)
  from space 2560K, 99% used [0x00000000e1200000,0x00000000e147d5e8,0x00000000e1480000)
  to   space 2560K, 0% used [0x00000000e0f80000,0x00000000e0f80000,0x00000000e1200000)
 ParOldGen       total 42496K, used 412K [0x00000000a0000000, 0x00000000a2980000, 0x00000000e0000000)
  object space 42496K, 0% used [0x00000000a0000000,0x00000000a0067268,0x00000000a2980000)
 Metaspace       used 6952K, capacity 7172K, committed 7424K, reserved 1056768K
  class space    used 849K, capacity 908K, committed 1024K, reserved 1048576K
}
Event: 3.970 GC heap before
{Heap before GC invocations=3 (full 0):
 PSYoungGen      total 18432K, used 18421K [0x00000000e0000000, 0x00000000e2400000, 0x0000000100000000)
  eden space 15872K, 100% used [0x00000000e0000000,0x00000000e0f80000,0x00000000e0f80000)
  from space 2560K, 99% used [0x00000000e1200000,0x00000000e147d5e8,0x00000000e1480000)
  to   space 2560K, 0% used [0x00000000e0f80000,0x00000000e0f80000,0x00000000e1200000)
 ParOldGen       total 42496K, used 412K [0x00000000a0000000, 0x00000000a2980000, 0x00000000e0000000)
  object space 42496K, 0% used [0x00000000a0000000,0x00000000a0067268,0x00000000a2980000)
 Metaspace       used 7138K, capacity 7388K, committed 7680K, reserved 1056768K
  class space    used 873K, capacity 980K, committed 1024K, reserved 1048576K
Event: 3.975 GC heap after
Heap after GC invocations=3 (full 0):
 PSYoungGen      total 18432K, used 2532K [0x00000000e0000000, 0x00000000e2400000, 0x0000000100000000)
  eden space 15872K, 0% used [0x00000000e0000000,0x00000000e0000000,0x00000000e0f80000)
  from space 2560K, 98% used [0x00000000e0f80000,0x00000000e11f9390,0x00000000e1200000)
  to   space 2560K, 0% used [0x00000000e2180000,0x00000000e2180000,0x00000000e2400000)
 ParOldGen       total 42496K, used 657K [0x00000000a0000000, 0x00000000a2980000, 0x00000000e0000000)
  object space 42496K, 1% used [0x00000000a0000000,0x00000000a00a4608,0x00000000a2980000)
 Metaspace       used 7138K, capacity 7388K, committed 7680K, reserved 1056768K
  class space    used 873K, capacity 980K, committed 1024K, reserved 1048576K
}
Event: 4.473 GC heap before
{Heap before GC invocations=4 (full 0):
 PSYoungGen      total 18432K, used 18404K [0x00000000e0000000, 0x00000000e2400000, 0x0000000100000000)
  eden space 15872K, 100% used [0x00000000e0000000,0x00000000e0f80000,0x00000000e0f80000)
  from space 2560K, 98% used [0x00000000e0f80000,0x00000000e11f9390,0x00000000e1200000)
  to   space 2560K, 0% used [0x00000000e2180000,0x00000000e2180000,0x00000000e2400000)
 ParOldGen       total 42496K, used 657K [0x00000000a0000000, 0x00000000a2980000, 0x00000000e0000000)
  object space 42496K, 1% used [0x00000000a0000000,0x00000000a00a4608,0x00000000a2980000)
 Metaspace       used 8576K, capacity 8798K, committed 8960K, reserved 1056768K
  class space    used 1103K, capacity 1173K, committed 1280K, reserved 1048576K
Event: 4.488 GC heap after
Heap after GC invocations=4 (full 0):
 PSYoungGen      total 34304K, used 2544K [0x00000000e0000000, 0x00000000e2400000, 0x0000000100000000)
  eden space 31744K, 0% used [0x00000000e0000000,0x00000000e0000000,0x00000000e1f00000)
  from space 2560K, 99% used [0x00000000e2180000,0x00000000e23fc030,0x00000000e2400000)
  to   space 2560K, 0% used [0x00000000e1f00000,0x00000000e1f00000,0x00000000e2180000)
 ParOldGen       total 42496K, used 1805K [0x00000000a0000000, 0x00000000a2980000, 0x00000000e0000000)
  object space 42496K, 4% used [0x00000000a0000000,0x00000000a01c3588,0x00000000a2980000)
 Metaspace       used 8576K, capacity 8798K, committed 8960K, reserved 1056768K
  class space    used 1103K, capacity 1173K, committed 1280K, reserved 1048576K
}
Event: 6.995 GC heap before
{Heap before GC invocations=5 (full 0):
 PSYoungGen      total 34304K, used 34288K [0x00000000e0000000, 0x00000000e2400000, 0x0000000100000000)
  eden space 31744K, 100% used [0x00000000e0000000,0x00000000e1f00000,0x00000000e1f00000)
  from space 2560K, 99% used [0x00000000e2180000,0x00000000e23fc030,0x00000000e2400000)
  to   space 2560K, 0% used [0x00000000e1f00000,0x00000000e1f00000,0x00000000e2180000)
 ParOldGen       total 42496K, used 1805K [0x00000000a0000000, 0x00000000a2980000, 0x00000000e0000000)
  object space 42496K, 4% used [0x00000000a0000000,0x00000000a01c3588,0x00000000a2980000)
 Metaspace       used 13007K, capacity 13394K, committed 13568K, reserved 1060864K
  class space    used 1786K, capacity 1921K, committed 2048K, reserved 1048576K
Event: 7.015 GC heap after
Heap after GC invocations=5 (full 0):
 PSYoungGen      total 34304K, used 2528K [0x00000000e0000000, 0x00000000e2400000, 0x0000000100000000)
  eden space 31744K, 0% used [0x00000000e0000000,0x00000000e0000000,0x00000000e1f00000)
  from space 2560K, 98% used [0x00000000e1f00000,0x00000000e2178040,0x00000000e2180000)
  to   space 2560K, 0% used [0x00000000e2180000,0x00000000e2180000,0x00000000e2400000)
 ParOldGen       total 42496K, used 5495K [0x00000000a0000000, 0x00000000a2980000, 0x00000000e0000000)
  object space 42496K, 12% used [0x00000000a0000000,0x00000000a055dcc8,0x00000000a2980000)
 Metaspace       used 13007K, capacity 13394K, committed 13568K, reserved 1060864K
  class space    used 1786K, capacity 1921K, committed 2048K, reserved 1048576K
}

Deoptimization events (10 events):
Event: 5.147 Thread 0x0000000002a2e000 Uncommon trap: reason=unstable_if action=reinterpret pc=0x0000000002e63658 method=java.io.WinNTFileSystem.normalize(Ljava/lang/String;II)Ljava/lang/String; @ 90
Event: 6.129 Thread 0x0000000017905800 Uncommon trap: reason=unstable_if action=reinterpret pc=0x0000000002efb0ec method=java.util.concurrent.ConcurrentHashMap.putVal(Ljava/lang/Object;Ljava/lang/Object;Z)Ljava/lang/Object; @ 206
Event: 6.267 Thread 0x000000001807c800 Uncommon trap: reason=bimorphic action=maybe_recompile pc=0x0000000002dbb518 method=java.util.HashMap.putVal(ILjava/lang/Object;Ljava/lang/Object;ZZ)Ljava/lang/Object; @ 253
Event: 6.267 Thread 0x000000001807c800 Uncommon trap: reason=bimorphic action=maybe_recompile pc=0x0000000002dbb518 method=java.util.HashMap.putVal(ILjava/lang/Object;Ljava/lang/Object;ZZ)Ljava/lang/Object; @ 253
Event: 6.267 Thread 0x000000001807c800 Uncommon trap: reason=bimorphic action=maybe_recompile pc=0x0000000002dbb518 method=java.util.HashMap.putVal(ILjava/lang/Object;Ljava/lang/Object;ZZ)Ljava/lang/Object; @ 253
Event: 6.267 Thread 0x000000001807c800 Uncommon trap: reason=bimorphic action=maybe_recompile pc=0x0000000002dbb518 method=java.util.HashMap.putVal(ILjava/lang/Object;Ljava/lang/Object;ZZ)Ljava/lang/Object; @ 253
Event: 7.083 Thread 0x000000001807c800 Uncommon trap: reason=class_check action=maybe_recompile pc=0x0000000002e13984 method=java.util.regex.Matcher.match(II)Z @ 86
Event: 7.100 Thread 0x000000001807c800 Uncommon trap: reason=class_check action=maybe_recompile pc=0x0000000002e13984 method=java.util.regex.Matcher.match(II)Z @ 86
Event: 7.101 Thread 0x000000001807c800 Uncommon trap: reason=class_check action=maybe_recompile pc=0x0000000002e13984 method=java.util.regex.Matcher.match(II)Z @ 86
Event: 7.101 Thread 0x000000001807c800 Uncommon trap: reason=class_check action=maybe_recompile pc=0x0000000002dd3b1c method=java.util.regex.Matcher.match(II)Z @ 86

Classes redefined (0 events):
No events

Internal exceptions (10 events):
Event: 4.735 Thread 0x0000000002a2e000 Exception <a 'java/lang/NoSuchFieldError': method resolution failed> (0x00000000e01f09c0) thrown at [D:\src\AOSP-openjdk-cygwin\jdk8u\hotspot\src\share\vm\prims\methodHandles.cpp, line 1167]
Event: 4.742 Thread 0x0000000002a2e000 Exception <a 'java/lang/NoSuchFieldError': method resolution failed> (0x00000000e01fe690) thrown at [D:\src\AOSP-openjdk-cygwin\jdk8u\hotspot\src\share\vm\prims\methodHandles.cpp, line 1167]
Event: 5.954 Thread 0x0000000002a2e000 Exception <a 'java/io/IOException'> (0x00000000e098f300) thrown at [D:\src\AOSP-openjdk-cygwin\jdk8u\hotspot\src\share\vm\prims\jni.cpp, line 710]
Event: 6.134 Thread 0x0000000017905800 Exception <a 'java/lang/NoSuchMethodError': <clinit>> (0x00000000e0bc1f18) thrown at [D:\src\AOSP-openjdk-cygwin\jdk8u\hotspot\src\share\vm\prims\jni.cpp, line 1614]
Event: 6.138 Thread 0x0000000017905800 Exception <a 'java/lang/NoSuchMethodError': <clinit>> (0x00000000e0bcbcc8) thrown at [D:\src\AOSP-openjdk-cygwin\jdk8u\hotspot\src\share\vm\prims\jni.cpp, line 1614]
Event: 6.141 Thread 0x0000000017905800 Exception <a 'java/lang/NoSuchMethodError': <clinit>> (0x00000000e0bdfe90) thrown at [D:\src\AOSP-openjdk-cygwin\jdk8u\hotspot\src\share\vm\prims\jni.cpp, line 1614]
Event: 6.165 Thread 0x0000000017905800 Exception <a 'java/lang/NoSuchMethodError': <clinit>> (0x00000000e0c3ae18) thrown at [D:\src\AOSP-openjdk-cygwin\jdk8u\hotspot\src\share\vm\prims\jni.cpp, line 1614]
Event: 6.179 Thread 0x0000000017905800 Exception <a 'java/lang/NoSuchMethodError': <clinit>> (0x00000000e0c72b40) thrown at [D:\src\AOSP-openjdk-cygwin\jdk8u\hotspot\src\share\vm\prims\jni.cpp, line 1614]
Event: 6.186 Thread 0x0000000017905800 Exception <a 'java/lang/NoSuchMethodError': <clinit>> (0x00000000e0ca8b90) thrown at [D:\src\AOSP-openjdk-cygwin\jdk8u\hotspot\src\share\vm\prims\jni.cpp, line 1614]
Event: 6.187 Thread 0x0000000017905800 Exception <a 'java/lang/NoSuchMethodError': <clinit>> (0x00000000e0cb4688) thrown at [D:\src\AOSP-openjdk-cygwin\jdk8u\hotspot\src\share\vm\prims\jni.cpp, line 1614]

Events (10 events):
Event: 7.622 loading class org/gradle/kotlin/dsl/concurrent/BuildServices
Event: 7.622 loading class org/gradle/kotlin/dsl/concurrent/BuildServices done
Event: 7.627 loading class org/gradle/kotlin/dsl/concurrent/AsyncIOScopeFactory
Event: 7.627 loading class org/gradle/kotlin/dsl/concurrent/AsyncIOScopeFactory done
Event: 7.633 loading class org/gradle/kotlin/dsl/provider/BuildServices
Event: 7.633 loading class org/gradle/kotlin/dsl/provider/BuildServices done
Event: 7.642 loading class org/gradle/api/internal/artifacts/dsl/dependencies/DependencyFactory
Event: 7.642 loading class org/gradle/api/internal/artifacts/dsl/dependencies/DependencyFactory done
Event: 7.695 loading class org/gradle/kotlin/dsl/provider/KotlinScriptClassPathProvider
Event: 7.695 loading class org/gradle/kotlin/dsl/provider/KotlinScriptClassPathProvider done


Dynamic libraries:
0x00007ff652700000 - 0x00007ff652731000 	D:\AndroidStudio\jre\bin\java.exe
0x00007ff9e0010000 - 0x00007ff9e01f1000 	C:\windows\SYSTEM32\ntdll.dll
0x00007ff9dfd70000 - 0x00007ff9dfe21000 	C:\windows\System32\KERNEL32.DLL
0x00007ff9dcfa0000 - 0x00007ff9dd213000 	C:\windows\System32\KERNELBASE.dll
0x00007ff9dd600000 - 0x00007ff9dd6a1000 	C:\windows\System32\ADVAPI32.dll
0x00007ff9dfe30000 - 0x00007ff9dfece000 	C:\windows\System32\msvcrt.dll
0x00007ff9ddbd0000 - 0x00007ff9ddc2b000 	C:\windows\System32\sechost.dll
0x00007ff9df5d0000 - 0x00007ff9df6f4000 	C:\windows\System32\RPCRT4.dll
0x00007ff9dfbc0000 - 0x00007ff9dfd50000 	C:\windows\System32\USER32.dll
0x00007ff9dcd80000 - 0x00007ff9dcda0000 	C:\windows\System32\win32u.dll
0x00007ff9ddd40000 - 0x00007ff9ddd68000 	C:\windows\System32\GDI32.dll
0x00007ff9dcbe0000 - 0x00007ff9dcd71000 	C:\windows\System32\gdi32full.dll
0x00007ff9dce00000 - 0x00007ff9dce9f000 	C:\windows\System32\msvcp_win.dll
0x00007ff9dc3d0000 - 0x00007ff9dc4c8000 	C:\windows\System32\ucrtbase.dll
0x00007ff9c67d0000 - 0x00007ff9c6a39000 	C:\windows\WinSxS\amd64_microsoft.windows.common-controls_6595b64144ccf1df_6.0.17134.1246_none_d3ffb9d77c90723d\COMCTL32.dll
0x00007ff9df860000 - 0x00007ff9dfb81000 	C:\windows\System32\combase.dll
0x00007ff9dd410000 - 0x00007ff9dd489000 	C:\windows\System32\bcryptPrimitives.dll
0x00007ff9dfb90000 - 0x00007ff9dfbbd000 	C:\windows\System32\IMM32.DLL
0x00000000639e0000 - 0x0000000063ab2000 	D:\AndroidStudio\jre\jre\bin\msvcr100.dll
0x0000000063ac0000 - 0x0000000064306000 	D:\AndroidStudio\jre\jre\bin\server\jvm.dll
0x00007ff9df850000 - 0x00007ff9df858000 	C:\windows\System32\PSAPI.DLL
0x00007ff9d7870000 - 0x00007ff9d787a000 	C:\windows\SYSTEM32\VERSION.dll
0x00007ff9bd740000 - 0x00007ff9bd749000 	C:\windows\SYSTEM32\WSOCK32.dll
0x00007ff9d9f40000 - 0x00007ff9d9f63000 	C:\windows\SYSTEM32\WINMM.dll
0x00007ff9ddc30000 - 0x00007ff9ddc9c000 	C:\windows\System32\WS2_32.dll
0x00007ff9d9ec0000 - 0x00007ff9d9eea000 	C:\windows\SYSTEM32\WINMMBASE.dll
0x00007ff9dcf50000 - 0x00007ff9dcf99000 	C:\windows\System32\cfgmgr32.dll
0x00007ff9d8870000 - 0x00007ff9d887f000 	D:\AndroidStudio\jre\jre\bin\verify.dll
0x00007ff9d2770000 - 0x00007ff9d2799000 	D:\AndroidStudio\jre\jre\bin\java.dll
0x00007ff9d87e0000 - 0x00007ff9d87f6000 	D:\AndroidStudio\jre\jre\bin\zip.dll
0x00007ff9dde50000 - 0x00007ff9df295000 	C:\windows\System32\SHELL32.dll
0x00007ff9dff30000 - 0x00007ff9dffd9000 	C:\windows\System32\shcore.dll
0x00007ff9dc4d0000 - 0x00007ff9dcbe0000 	C:\windows\System32\windows.storage.dll
0x00007ff9dfed0000 - 0x00007ff9dff21000 	C:\windows\System32\shlwapi.dll
0x00007ff9dc3b0000 - 0x00007ff9dc3c1000 	C:\windows\System32\kernel.appcore.dll
0x00007ff9dc310000 - 0x00007ff9dc32f000 	C:\windows\System32\profapi.dll
0x00007ff9dc330000 - 0x00007ff9dc37c000 	C:\windows\System32\powrprof.dll
0x00007ff9dc3a0000 - 0x00007ff9dc3aa000 	C:\windows\System32\FLTLIB.DLL
0x00007ff9d8630000 - 0x00007ff9d864a000 	D:\AndroidStudio\jre\jre\bin\net.dll
0x00007ff9dbb30000 - 0x00007ff9dbb96000 	C:\windows\system32\mswsock.dll
0x00007ff9d6ee0000 - 0x00007ff9d6ef1000 	D:\AndroidStudio\jre\jre\bin\nio.dll
0x00007ff9c35b0000 - 0x00007ff9c35d6000 	C:\Users\Stefan\.gradle\native\29\windows-amd64\native-platform.dll
0x00007ff9d8850000 - 0x00007ff9d885d000 	D:\AndroidStudio\jre\jre\bin\management.dll
0x00007ff9dbce0000 - 0x00007ff9dbcf7000 	C:\windows\SYSTEM32\CRYPTSP.dll
0x00007ff9db6e0000 - 0x00007ff9db713000 	C:\windows\system32\rsaenh.dll
0x00007ff9dbe10000 - 0x00007ff9dbe35000 	C:\windows\SYSTEM32\bcrypt.dll
0x00007ff9dc210000 - 0x00007ff9dc238000 	C:\windows\SYSTEM32\USERENV.dll
0x00007ff9dbd00000 - 0x00007ff9dbd0b000 	C:\windows\SYSTEM32\CRYPTBASE.dll
0x00007ff9db880000 - 0x00007ff9db8b8000 	C:\windows\SYSTEM32\IPHLPAPI.DLL
0x00007ff9dd5f0000 - 0x00007ff9dd5f8000 	C:\windows\System32\NSI.dll
0x00007ff9d2b10000 - 0x00007ff9d2b26000 	C:\windows\SYSTEM32\dhcpcsvc6.DLL
0x00007ff9d48b0000 - 0x00007ff9d48ca000 	C:\windows\SYSTEM32\dhcpcsvc.DLL

VM Arguments:
jvm_args: -Xmx1536m -Dfile.encoding=windows-1252 -Duser.country=CA -Duser.language=en -Duser.variant 
java_command: org.gradle.launcher.daemon.bootstrap.GradleDaemon 5.4.1
java_class_path (initial): C:\Users\Stefan\.gradle\wrapper\dists\gradle-5.4.1-all\3221gyojl5jsh0helicew7rwx\gradle-5.4.1\lib\gradle-launcher-5.4.1.jar
Launcher Type: SUN_STANDARD

Environment Variables:
JAVA_HOME=C:\Program Files\Java\jdk1.8.0_202
JRE_HOME=C:\Program Files\Java\jdk1.8.0_202\jre
CLASSPATH=.;C:\Program Files\Java\jdk1.8.0_202\lib;C:\Program Files\Java\jdk1.8.0_202\jre\lib
PATH=C:\Program Files (x86)\Common Files\Oracle\Java\javapath;C:\app\orcl\product\12.1.0\dbhome_1\bin;C:\windows\system32;C:\windows;C:\windows\System32\Wbem;C:\windows\System32\WindowsPowerShell\v1.0\;C:\windows\System32\OpenSSH\;C:\Program Files\Git\cmd;C:\Program Files\Java\jdk-11.0.2\bin;C:\Users\Stefan\Downloads\incubating-netbeans-11.0-bin\netbeans\bin;C:\Program Files\Java\jdk1.8.0_202\bin
USERNAME=Stefan
OS=Windows_NT
PROCESSOR_IDENTIFIER=Intel64 Family 6 Model 122 Stepping 1, GenuineIntel



---------------  S Y S T E M  ---------------

OS: Windows 10.0 , 64 bit Build 17134 (10.0.17134.753)

CPU:total 2 (initial active 2) (2 cores per cpu, 1 threads per core) family 6 model 122 stepping 1, cmov, cx8, fxsr, mmx, sse, sse2, sse3, ssse3, sse4.1, sse4.2, popcnt, aes, clmul, erms, 3dnowpref, tsc, tscinvbit

Memory: 4k page, physical 3967180k(264128k free), swap 11439432k(7828k free)

vm_info: OpenJDK 64-Bit Server VM (25.202-b03) for windows-amd64 JRE (1.8.0_202-release-1483-b03), built by "builder" with MS VC++ 10.0 (VS2010)

time: Thu Jan 30 13:03:33 2020
timezone: Eastern Standard Time
elapsed time: 7 seconds (0d 0h 0m 7s)

